{"H:\\imooc\\ts-vue3-tsx-study\\vue3-json-schema-form\\lib\\SchemaForm.tsx": {"path":"H:\\imooc\\ts-vue3-tsx-study\\vue3-json-schema-form\\lib\\SchemaForm.tsx","statementMap":{"0":{"start":{"line":1,"column":0},"end":{"line":1,"column":null}},"1":{"start":{"line":3,"column":0},"end":{"line":3,"column":null}},"2":{"start":{"line":4,"column":0},"end":{"line":4,"column":null}},"3":{"start":{"line":6,"column":15},"end":{"line":6,"column":31}},"4":{"start":{"line":22,"column":26},"end":{"line":24,"column":null}},"5":{"start":{"line":23,"column":6},"end":{"line":23,"column":11}},"6":{"start":{"line":25,"column":25},"end":{"line":25,"column":null}},"7":{"start":{"line":28,"column":4},"end":{"line":28,"column":12}},"8":{"start":{"line":29,"column":4},"end":{"line":29,"column":11}},"9":{"start":{"line":30,"column":32},"end":{"line":30,"column":null}},"10":{"start":{"line":31,"column":6},"end":{"line":31,"column":null}}},"fnMap":{"0":{"name":"(anonymous_0)","decl":{"start":{"line":21,"column":2},"end":{"line":21,"column":7}},"loc":{"start":{"line":21,"column":13},"end":{"line":40,"column":null}}},"1":{"name":"(anonymous_1)","decl":{"start":{"line":22,"column":26},"end":{"line":22,"column":36}},"loc":{"start":{"line":22,"column":36},"end":{"line":24,"column":null}}},"2":{"name":"(anonymous_2)","decl":{"start":{"line":29,"column":11},"end":{"line":29,"column":16}},"loc":{"start":{"line":29,"column":16},"end":{"line":39,"column":null}}}},"branchMap":{},"s":{"0":1,"1":1,"2":1,"3":1,"4":1,"5":1,"6":1,"7":1,"8":1,"9":1,"10":1},"f":{"0":1,"1":1,"2":1},"b":{}}
,"H:\\imooc\\ts-vue3-tsx-study\\vue3-json-schema-form\\lib\\SchemaItem.tsx": {"path":"H:\\imooc\\ts-vue3-tsx-study\\vue3-json-schema-form\\lib\\SchemaItem.tsx","statementMap":{"0":{"start":{"line":1,"column":0},"end":{"line":1,"column":null}},"1":{"start":{"line":3,"column":0},"end":{"line":3,"column":null}},"2":{"start":{"line":4,"column":0},"end":{"line":4,"column":null}},"3":{"start":{"line":5,"column":0},"end":{"line":5,"column":null}},"4":{"start":{"line":6,"column":0},"end":{"line":6,"column":null}},"5":{"start":{"line":7,"column":0},"end":{"line":7,"column":null}},"6":{"start":{"line":8,"column":0},"end":{"line":8,"column":null}},"7":{"start":{"line":10,"column":15},"end":{"line":10,"column":31}},"8":{"start":{"line":14,"column":31},"end":{"line":14,"column":40}},"9":{"start":{"line":15,"column":44},"end":{"line":15,"column":null}},"10":{"start":{"line":16,"column":6},"end":{"line":16,"column":13}},"11":{"start":{"line":18,"column":4},"end":{"line":18,"column":11}},"12":{"start":{"line":19,"column":44},"end":{"line":19,"column":null}},"13":{"start":{"line":21,"column":30},"end":{"line":21,"column":null}},"14":{"start":{"line":25,"column":19},"end":{"line":25,"column":null}},"15":{"start":{"line":28,"column":6},"end":{"line":28,"column":14}},"16":{"start":{"line":30,"column":10},"end":{"line":30,"column":19}},"17":{"start":{"line":31,"column":10},"end":{"line":31,"column":null}},"18":{"start":{"line":34,"column":10},"end":{"line":34,"column":19}},"19":{"start":{"line":35,"column":10},"end":{"line":35,"column":null}},"20":{"start":{"line":38,"column":10},"end":{"line":38,"column":19}},"21":{"start":{"line":39,"column":10},"end":{"line":39,"column":null}},"22":{"start":{"line":42,"column":10},"end":{"line":42,"column":19}},"23":{"start":{"line":43,"column":10},"end":{"line":43,"column":null}},"24":{"start":{"line":46,"column":10},"end":{"line":46,"column":17}},"25":{"start":{"line":50,"column":6},"end":{"line":50,"column":28}}},"fnMap":{"0":{"name":"(anonymous_0)","decl":{"start":{"line":13,"column":2},"end":{"line":13,"column":7}},"loc":{"start":{"line":13,"column":13},"end":{"line":52,"column":null}}},"1":{"name":"(anonymous_1)","decl":{"start":{"line":14,"column":40},"end":{"line":14,"column":45}},"loc":{"start":{"line":14,"column":45},"end":{"line":17,"column":null}}},"2":{"name":"(anonymous_2)","decl":{"start":{"line":18,"column":11},"end":{"line":18,"column":16}},"loc":{"start":{"line":18,"column":16},"end":{"line":51,"column":null}}}},"branchMap":{"0":{"loc":{"start":{"line":29,"column":8},"end":{"line":32,"column":null}},"type":"switch","locations":[{"start":{"line":29,"column":8},"end":{"line":32,"column":null}},{"start":{"line":33,"column":8},"end":{"line":36,"column":null}},{"start":{"line":37,"column":8},"end":{"line":40,"column":null}},{"start":{"line":41,"column":8},"end":{"line":44,"column":null}},{"start":{"line":45,"column":8},"end":{"line":47,"column":null}}]}},"s":{"0":1,"1":1,"2":1,"3":1,"4":1,"5":1,"6":1,"7":1,"8":1,"9":1,"10":1,"11":1,"12":1,"13":1,"14":1,"15":1,"16":0,"17":0,"18":1,"19":1,"20":0,"21":0,"22":0,"23":0,"24":0,"25":1},"f":{"0":1,"1":1,"2":1},"b":{"0":[0,1,0,0,0]}}
,"H:\\imooc\\ts-vue3-tsx-study\\vue3-json-schema-form\\lib\\context.ts": {"path":"H:\\imooc\\ts-vue3-tsx-study\\vue3-json-schema-form\\lib\\context.ts","statementMap":{"0":{"start":{"line":1,"column":0},"end":{"line":1,"column":null}},"1":{"start":{"line":4,"column":36},"end":{"line":4,"column":null}},"2":{"start":{"line":6,"column":30},"end":{"line":13,"column":null}},"3":{"start":{"line":8,"column":4},"end":{"line":8,"column":11}},"4":{"start":{"line":9,"column":2},"end":{"line":11,"column":null}},"5":{"start":{"line":10,"column":4},"end":{"line":10,"column":10}},"6":{"start":{"line":12,"column":2},"end":{"line":12,"column":9}}},"fnMap":{"0":{"name":"(anonymous_0)","decl":{"start":{"line":6,"column":30},"end":{"line":6,"column":68}},"loc":{"start":{"line":6,"column":68},"end":{"line":13,"column":null}}}},"branchMap":{"0":{"loc":{"start":{"line":9,"column":2},"end":{"line":11,"column":null}},"type":"if","locations":[{"start":{"line":9,"column":2},"end":{"line":11,"column":null}},{"start":{"line":9,"column":2},"end":{"line":11,"column":null}}]}},"s":{"0":1,"1":1,"2":1,"3":0,"4":0,"5":0,"6":0},"f":{"0":0},"b":{"0":[0,0]}}
,"H:\\imooc\\ts-vue3-tsx-study\\vue3-json-schema-form\\lib\\index.ts": {"path":"H:\\imooc\\ts-vue3-tsx-study\\vue3-json-schema-form\\lib\\index.ts","statementMap":{"0":{"start":{"line":1,"column":0},"end":{"line":1,"column":null}},"1":{"start":{"line":2,"column":0},"end":{"line":2,"column":null}},"2":{"start":{"line":4,"column":15},"end":{"line":4,"column":null}}},"fnMap":{},"branchMap":{},"s":{"0":1,"1":1,"2":1},"f":{},"b":{}}
,"H:\\imooc\\ts-vue3-tsx-study\\vue3-json-schema-form\\lib\\types.ts": {"path":"H:\\imooc\\ts-vue3-tsx-study\\vue3-json-schema-form\\lib\\types.ts","statementMap":{"0":{"start":{"line":3,"column":0},"end":{"line":3,"column":12}},"1":{"start":{"line":4,"column":2},"end":{"line":4,"column":null}},"2":{"start":{"line":5,"column":2},"end":{"line":5,"column":null}},"3":{"start":{"line":6,"column":2},"end":{"line":6,"column":null}},"4":{"start":{"line":7,"column":2},"end":{"line":7,"column":null}},"5":{"start":{"line":8,"column":2},"end":{"line":8,"column":null}},"6":{"start":{"line":9,"column":2},"end":{"line":9,"column":null}},"7":{"start":{"line":52,"column":32},"end":{"line":52,"column":null}}},"fnMap":{"0":{"name":"(anonymous_0)","decl":{"start":{"line":3,"column":0},"end":{"line":3,"column":12}},"loc":{"start":{"line":3,"column":23},"end":{"line":10,"column":null}}}},"branchMap":{"0":{"loc":{"start":{"line":3,"column":12},"end":{"line":3,"column":23}},"type":"binary-expr","locations":[{"start":{"line":3,"column":12},"end":{"line":3,"column":23}},{"start":{"line":3,"column":23},"end":{"line":3,"column":null}}]}},"s":{"0":1,"1":1,"2":1,"3":1,"4":1,"5":1,"6":1,"7":1},"f":{"0":1},"b":{"0":[1,1]}}
,"H:\\imooc\\ts-vue3-tsx-study\\vue3-json-schema-form\\lib\\utils.ts": {"path":"H:\\imooc\\ts-vue3-tsx-study\\vue3-json-schema-form\\lib\\utils.ts","statementMap":{"0":{"start":{"line":1,"column":0},"end":{"line":1,"column":null}},"1":{"start":{"line":5,"column":0},"end":{"line":5,"column":null}},"2":{"start":{"line":6,"column":0},"end":{"line":6,"column":null}},"3":{"start":{"line":7,"column":0},"end":{"line":7,"column":null}},"4":{"start":{"line":10,"column":2},"end":{"line":10,"column":9}},"5":{"start":{"line":14,"column":2},"end":{"line":14,"column":9}},"6":{"start":{"line":22,"column":2},"end":{"line":22,"column":9}},"7":{"start":{"line":29,"column":24},"end":{"line":29,"column":28}},"8":{"start":{"line":31,"column":16},"end":{"line":31,"column":31}},"9":{"start":{"line":32,"column":2},"end":{"line":32,"column":9}},"10":{"start":{"line":41,"column":2},"end":{"line":56,"column":null}},"11":{"start":{"line":42,"column":4},"end":{"line":42,"column":11}},"12":{"start":{"line":43,"column":9},"end":{"line":56,"column":null}},"13":{"start":{"line":44,"column":27},"end":{"line":44,"column":47}},"14":{"start":{"line":45,"column":4},"end":{"line":45,"column":11}},"15":{"start":{"line":46,"column":9},"end":{"line":56,"column":null}},"16":{"start":{"line":47,"column":4},"end":{"line":47,"column":11}},"17":{"start":{"line":50,"column":8},"end":{"line":50,"column":23}},"18":{"start":{"line":55,"column":4},"end":{"line":55,"column":11}},"19":{"start":{"line":64,"column":2},"end":{"line":66,"column":null}},"20":{"start":{"line":65,"column":4},"end":{"line":65,"column":11}},"21":{"start":{"line":67,"column":23},"end":{"line":67,"column":37}},"22":{"start":{"line":70,"column":2},"end":{"line":82,"column":null}},"23":{"start":{"line":71,"column":4},"end":{"line":81,"column":null}},"24":{"start":{"line":72,"column":6},"end":{"line":72,"column":20}},"25":{"start":{"line":78,"column":6},"end":{"line":78,"column":13}},"26":{"start":{"line":79,"column":55},"end":{"line":79,"column":null}},"27":{"start":{"line":80,"column":6},"end":{"line":80,"column":13}},"28":{"start":{"line":84,"column":4},"end":{"line":85,"column":null}},"29":{"start":{"line":86,"column":2},"end":{"line":93,"column":null}},"30":{"start":{"line":88,"column":4},"end":{"line":88,"column":11}},"31":{"start":{"line":94,"column":2},"end":{"line":94,"column":9}},"32":{"start":{"line":97,"column":40},"end":{"line":97,"column":null}},"33":{"start":{"line":105,"column":2},"end":{"line":105,"column":8}},"34":{"start":{"line":110,"column":2},"end":{"line":110,"column":8}},"35":{"start":{"line":111,"column":4},"end":{"line":114,"column":null}},"36":{"start":{"line":113,"column":6},"end":{"line":113,"column":null}},"37":{"start":{"line":117,"column":4},"end":{"line":127,"column":null}},"38":{"start":{"line":118,"column":6},"end":{"line":118,"column":26}},"39":{"start":{"line":123,"column":11},"end":{"line":127,"column":null}},"40":{"start":{"line":124,"column":6},"end":{"line":124,"column":26}},"41":{"start":{"line":126,"column":6},"end":{"line":126,"column":26}},"42":{"start":{"line":130,"column":6},"end":{"line":130,"column":20}},"43":{"start":{"line":132,"column":6},"end":{"line":132,"column":20}},"44":{"start":{"line":135,"column":2},"end":{"line":135,"column":9}},"45":{"start":{"line":153,"column":21},"end":{"line":153,"column":42}},"46":{"start":{"line":155,"column":35},"end":{"line":155,"column":null}},"47":{"start":{"line":157,"column":2},"end":{"line":157,"column":9}},"48":{"start":{"line":161,"column":18},"end":{"line":161,"column":null}},"49":{"start":{"line":162,"column":2},"end":{"line":167,"column":null}},"50":{"start":{"line":164,"column":4},"end":{"line":164,"column":8}},"51":{"start":{"line":166,"column":4},"end":{"line":166,"column":10}},"52":{"start":{"line":168,"column":18},"end":{"line":168,"column":30}},"53":{"start":{"line":169,"column":2},"end":{"line":171,"column":null}},"54":{"start":{"line":170,"column":4},"end":{"line":170,"column":10}},"55":{"start":{"line":172,"column":2},"end":{"line":175,"column":null}},"56":{"start":{"line":174,"column":4},"end":{"line":174,"column":11}},"57":{"start":{"line":176,"column":2},"end":{"line":176,"column":9}},"58":{"start":{"line":185,"column":49},"end":{"line":185,"column":56}},"59":{"start":{"line":186,"column":2},"end":{"line":196,"column":null}},"60":{"start":{"line":187,"column":4},"end":{"line":187,"column":18}},"61":{"start":{"line":191,"column":9},"end":{"line":196,"column":null}},"62":{"start":{"line":192,"column":4},"end":{"line":192,"column":18}},"63":{"start":{"line":197,"column":2},"end":{"line":197,"column":9}},"64":{"start":{"line":206,"column":2},"end":{"line":237,"column":null}},"65":{"start":{"line":208,"column":4},"end":{"line":210,"column":null}},"66":{"start":{"line":209,"column":6},"end":{"line":209,"column":null}},"67":{"start":{"line":212,"column":4},"end":{"line":217,"column":null}},"68":{"start":{"line":216,"column":6},"end":{"line":216,"column":null}},"69":{"start":{"line":219,"column":6},"end":{"line":219,"column":null}},"70":{"start":{"line":220,"column":4},"end":{"line":230,"column":null}},"71":{"start":{"line":221,"column":6},"end":{"line":221,"column":20}},"72":{"start":{"line":222,"column":11},"end":{"line":230,"column":null}},"73":{"start":{"line":223,"column":6},"end":{"line":223,"column":20}},"74":{"start":{"line":231,"column":4},"end":{"line":231,"column":11}},"75":{"start":{"line":238,"column":2},"end":{"line":238,"column":9}},"76":{"start":{"line":242,"column":2},"end":{"line":244,"column":null}},"77":{"start":{"line":243,"column":4},"end":{"line":243,"column":11}},"78":{"start":{"line":245,"column":19},"end":{"line":247,"column":null}},"79":{"start":{"line":248,"column":2},"end":{"line":248,"column":9}},"80":{"start":{"line":259,"column":40},"end":{"line":259,"column":null}},"81":{"start":{"line":264,"column":2},"end":{"line":264,"column":8}},"82":{"start":{"line":266,"column":2},"end":{"line":270,"column":null}},"83":{"start":{"line":267,"column":4},"end":{"line":267,"column":11}},"84":{"start":{"line":268,"column":9},"end":{"line":270,"column":null}},"85":{"start":{"line":269,"column":4},"end":{"line":269,"column":10}},"86":{"start":{"line":272,"column":24},"end":{"line":272,"column":29}},"87":{"start":{"line":273,"column":4},"end":{"line":275,"column":null}},"88":{"start":{"line":277,"column":2},"end":{"line":277,"column":9}},"89":{"start":{"line":293,"column":26},"end":{"line":293,"column":31}},"90":{"start":{"line":294,"column":4},"end":{"line":296,"column":null}},"91":{"start":{"line":295,"column":6},"end":{"line":295,"column":13}},"92":{"start":{"line":297,"column":57},"end":{"line":297,"column":null}},"93":{"start":{"line":298,"column":4},"end":{"line":308,"column":null}},"94":{"start":{"line":299,"column":30},"end":{"line":299,"column":null}},"95":{"start":{"line":306,"column":25},"end":{"line":306,"column":38}},"96":{"start":{"line":307,"column":6},"end":{"line":307,"column":13}},"97":{"start":{"line":310,"column":2},"end":{"line":315,"column":null}},"98":{"start":{"line":311,"column":4},"end":{"line":311,"column":11}},"99":{"start":{"line":314,"column":4},"end":{"line":314,"column":11}},"100":{"start":{"line":317,"column":20},"end":{"line":317,"column":36}},"101":{"start":{"line":319,"column":4},"end":{"line":319,"column":null}},"102":{"start":{"line":320,"column":26},"end":{"line":320,"column":28}},"103":{"start":{"line":321,"column":2},"end":{"line":321,"column":9}},"104":{"start":{"line":334,"column":14},"end":{"line":334,"column":20}},"105":{"start":{"line":335,"column":2},"end":{"line":335,"column":9}},"106":{"start":{"line":336,"column":17},"end":{"line":336,"column":null}},"107":{"start":{"line":337,"column":14},"end":{"line":337,"column":19}},"108":{"start":{"line":338,"column":4},"end":{"line":353,"column":null}},"109":{"start":{"line":339,"column":6},"end":{"line":339,"column":9}},"110":{"start":{"line":340,"column":11},"end":{"line":353,"column":null}},"111":{"start":{"line":350,"column":6},"end":{"line":350,"column":9}},"112":{"start":{"line":352,"column":6},"end":{"line":352,"column":9}},"113":{"start":{"line":354,"column":4},"end":{"line":354,"column":11}},"114":{"start":{"line":368,"column":19},"end":{"line":368,"column":null}},"115":{"start":{"line":370,"column":2},"end":{"line":372,"column":null}},"116":{"start":{"line":371,"column":4},"end":{"line":371,"column":11}},"117":{"start":{"line":374,"column":2},"end":{"line":376,"column":null}},"118":{"start":{"line":375,"column":4},"end":{"line":375,"column":11}},"119":{"start":{"line":378,"column":2},"end":{"line":380,"column":null}},"120":{"start":{"line":379,"column":4},"end":{"line":379,"column":11}},"121":{"start":{"line":382,"column":17},"end":{"line":382,"column":null}},"122":{"start":{"line":383,"column":2},"end":{"line":385,"column":null}},"123":{"start":{"line":384,"column":4},"end":{"line":384,"column":11}},"124":{"start":{"line":384,"column":28},"end":{"line":384,"column":null}},"125":{"start":{"line":387,"column":2},"end":{"line":387,"column":9}},"126":{"start":{"line":416,"column":25},"end":{"line":432,"column":null}},"127":{"start":{"line":417,"column":2},"end":{"line":429,"column":null}},"128":{"start":{"line":418,"column":4},"end":{"line":418,"column":11}},"129":{"start":{"line":419,"column":9},"end":{"line":429,"column":null}},"130":{"start":{"line":420,"column":4},"end":{"line":420,"column":11}},"131":{"start":{"line":421,"column":9},"end":{"line":429,"column":null}},"132":{"start":{"line":422,"column":4},"end":{"line":422,"column":11}},"133":{"start":{"line":423,"column":9},"end":{"line":429,"column":null}},"134":{"start":{"line":424,"column":4},"end":{"line":424,"column":11}},"135":{"start":{"line":425,"column":9},"end":{"line":429,"column":null}},"136":{"start":{"line":426,"column":4},"end":{"line":426,"column":11}},"137":{"start":{"line":427,"column":9},"end":{"line":429,"column":null}},"138":{"start":{"line":428,"column":4},"end":{"line":428,"column":11}},"139":{"start":{"line":431,"column":2},"end":{"line":431,"column":9}},"140":{"start":{"line":435,"column":2},"end":{"line":435,"column":null}},"141":{"start":{"line":442,"column":17},"end":{"line":442,"column":32}},"142":{"start":{"line":443,"column":21},"end":{"line":443,"column":null}},"143":{"start":{"line":444,"column":2},"end":{"line":448,"column":null}},"144":{"start":{"line":445,"column":4},"end":{"line":445,"column":11}},"145":{"start":{"line":446,"column":9},"end":{"line":448,"column":null}},"146":{"start":{"line":447,"column":4},"end":{"line":447,"column":11}},"147":{"start":{"line":447,"column":44},"end":{"line":447,"column":55}},"148":{"start":{"line":449,"column":2},"end":{"line":449,"column":9}},"149":{"start":{"line":453,"column":2},"end":{"line":455,"column":null}},"150":{"start":{"line":454,"column":4},"end":{"line":454,"column":11}},"151":{"start":{"line":456,"column":2},"end":{"line":456,"column":9}},"152":{"start":{"line":465,"column":2},"end":{"line":515,"column":null}},"153":{"start":{"line":465,"column":15},"end":{"line":465,"column":18}},"154":{"start":{"line":466,"column":19},"end":{"line":466,"column":27}},"155":{"start":{"line":475,"column":4},"end":{"line":514,"column":null}},"156":{"start":{"line":478,"column":28},"end":{"line":478,"column":null}},"157":{"start":{"line":479,"column":60},"end":{"line":479,"column":null}},"158":{"start":{"line":487,"column":6},"end":{"line":503,"column":null}},"159":{"start":{"line":489,"column":36},"end":{"line":489,"column":null}},"160":{"start":{"line":491,"column":8},"end":{"line":496,"column":null}},"161":{"start":{"line":492,"column":10},"end":{"line":492,"column":22}},"162":{"start":{"line":495,"column":10},"end":{"line":495,"column":22}},"163":{"start":{"line":498,"column":8},"end":{"line":498,"column":20}},"164":{"start":{"line":500,"column":8},"end":{"line":500,"column":23}},"165":{"start":{"line":502,"column":8},"end":{"line":502,"column":23}},"166":{"start":{"line":507,"column":6},"end":{"line":507,"column":13}},"167":{"start":{"line":509,"column":6},"end":{"line":511,"column":null}},"168":{"start":{"line":510,"column":8},"end":{"line":510,"column":15}},"169":{"start":{"line":512,"column":11},"end":{"line":514,"column":null}},"170":{"start":{"line":513,"column":6},"end":{"line":513,"column":13}},"171":{"start":{"line":516,"column":2},"end":{"line":516,"column":9}},"172":{"start":{"line":520,"column":2},"end":{"line":541,"column":null}},"173":{"start":{"line":521,"column":4},"end":{"line":523,"column":null}},"174":{"start":{"line":522,"column":6},"end":{"line":522,"column":14}},"175":{"start":{"line":524,"column":4},"end":{"line":524,"column":11}},"176":{"start":{"line":525,"column":6},"end":{"line":527,"column":null}},"177":{"start":{"line":526,"column":8},"end":{"line":526,"column":15}},"178":{"start":{"line":528,"column":6},"end":{"line":528,"column":13}},"179":{"start":{"line":530,"column":9},"end":{"line":541,"column":null}},"180":{"start":{"line":531,"column":16},"end":{"line":531,"column":22}},"181":{"start":{"line":532,"column":4},"end":{"line":532,"column":11}},"182":{"start":{"line":533,"column":6},"end":{"line":533,"column":9}},"183":{"start":{"line":537,"column":6},"end":{"line":537,"column":13}},"184":{"start":{"line":540,"column":4},"end":{"line":540,"column":11}},"185":{"start":{"line":550,"column":2},"end":{"line":552,"column":null}},"186":{"start":{"line":551,"column":4},"end":{"line":551,"column":10}},"187":{"start":{"line":554,"column":19},"end":{"line":554,"column":null}},"188":{"start":{"line":563,"column":2},"end":{"line":566,"column":null}},"189":{"start":{"line":565,"column":4},"end":{"line":565,"column":11}},"190":{"start":{"line":567,"column":2},"end":{"line":569,"column":null}},"191":{"start":{"line":568,"column":4},"end":{"line":568,"column":11}},"192":{"start":{"line":570,"column":2},"end":{"line":572,"column":null}},"193":{"start":{"line":571,"column":4},"end":{"line":571,"column":11}},"194":{"start":{"line":573,"column":2},"end":{"line":573,"column":9}}},"fnMap":{"0":{"name":"isObject","decl":{"start":{"line":9,"column":16},"end":{"line":9,"column":25}},"loc":{"start":{"line":9,"column":35},"end":{"line":11,"column":null}}},"1":{"name":"isEmptyObject","decl":{"start":{"line":13,"column":16},"end":{"line":13,"column":30}},"loc":{"start":{"line":13,"column":40},"end":{"line":15,"column":null}}},"2":{"name":"hasOwnProperty","decl":{"start":{"line":17,"column":16},"end":{"line":17,"column":31}},"loc":{"start":{"line":17,"column":52},"end":{"line":23,"column":null}}},"3":{"name":"validateData","decl":{"start":{"line":30,"column":16},"end":{"line":30,"column":29}},"loc":{"start":{"line":30,"column":51},"end":{"line":36,"column":null}}},"4":{"name":"resolveSchema","decl":{"start":{"line":40,"column":16},"end":{"line":40,"column":30}},"loc":{"start":{"line":40,"column":76},"end":{"line":57,"column":null}}},"5":{"name":"(anonymous_5)","decl":{"start":{"line":49,"column":31},"end":{"line":49,"column":null}},"loc":{"start":{"line":50,"column":8},"end":{"line":50,"column":23}}},"6":{"name":"retrieveSchema","decl":{"start":{"line":59,"column":16},"end":{"line":59,"column":null}},"loc":{"start":{"line":62,"column":20},"end":{"line":95,"column":null}}},"7":{"name":"stubExistingAdditionalProperties","decl":{"start":{"line":99,"column":16},"end":{"line":99,"column":null}},"loc":{"start":{"line":102,"column":20},"end":{"line":136,"column":null}}},"8":{"name":"(anonymous_8)","decl":{"start":{"line":110,"column":33},"end":{"line":110,"column":40}},"loc":{"start":{"line":110,"column":40},"end":{"line":133,"column":null}}},"9":{"name":"resolveReference","decl":{"start":{"line":151,"column":9},"end":{"line":151,"column":26}},"loc":{"start":{"line":151,"column":69},"end":{"line":158,"column":null}}},"10":{"name":"findSchemaDefinition","decl":{"start":{"line":160,"column":16},"end":{"line":160,"column":37}},"loc":{"start":{"line":160,"column":66},"end":{"line":177,"column":null}}},"11":{"name":"resolveDependencies","decl":{"start":{"line":179,"column":9},"end":{"line":179,"column":null}},"loc":{"start":{"line":182,"column":15},"end":{"line":198,"column":null}}},"12":{"name":"processDependencies","decl":{"start":{"line":199,"column":9},"end":{"line":199,"column":null}},"loc":{"start":{"line":203,"column":15},"end":{"line":239,"column":null}}},"13":{"name":"withDependentProperties","decl":{"start":{"line":241,"column":9},"end":{"line":241,"column":33}},"loc":{"start":{"line":241,"column":71},"end":{"line":249,"column":null}}},"14":{"name":"withDependentSchema","decl":{"start":{"line":251,"column":9},"end":{"line":251,"column":null}},"loc":{"start":{"line":256,"column":22},"end":{"line":284,"column":null}}},"15":{"name":"(anonymous_15)","decl":{"start":{"line":272,"column":35},"end":{"line":272,"column":null}},"loc":{"start":{"line":273,"column":4},"end":{"line":275,"column":null}}},"16":{"name":"withExactlyOneSubschema","decl":{"start":{"line":286,"column":9},"end":{"line":286,"column":null}},"loc":{"start":{"line":291,"column":12},"end":{"line":326,"column":null}}},"17":{"name":"(anonymous_17)","decl":{"start":{"line":293,"column":40},"end":{"line":293,"column":58}},"loc":{"start":{"line":293,"column":58},"end":{"line":309,"column":null}}},"18":{"name":"mergeSchemas","decl":{"start":{"line":333,"column":16},"end":{"line":333,"column":29}},"loc":{"start":{"line":333,"column":49},"end":{"line":356,"column":null}}},"19":{"name":"(anonymous_19)","decl":{"start":{"line":335,"column":34},"end":{"line":335,"column":35}},"loc":{"start":{"line":335,"column":47},"end":{"line":355,"column":5}}},"20":{"name":"getSchemaType","decl":{"start":{"line":367,"column":16},"end":{"line":367,"column":30}},"loc":{"start":{"line":367,"column":44},"end":{"line":412,"column":null}}},"21":{"name":"(anonymous_21)","decl":{"start":{"line":384,"column":19},"end":{"line":384,"column":28}},"loc":{"start":{"line":384,"column":28},"end":{"line":384,"column":null}}},"22":{"name":"guessType","decl":{"start":{"line":416,"column":34},"end":{"line":416,"column":44}},"loc":{"start":{"line":416,"column":54},"end":{"line":432,"column":null}}},"23":{"name":"isConstant","decl":{"start":{"line":434,"column":16},"end":{"line":434,"column":27}},"loc":{"start":{"line":434,"column":41},"end":{"line":439,"column":null}}},"24":{"name":"isSelect","decl":{"start":{"line":441,"column":16},"end":{"line":441,"column":25}},"loc":{"start":{"line":441,"column":62},"end":{"line":450,"column":null}}},"25":{"name":"(anonymous_25)","decl":{"start":{"line":447,"column":29},"end":{"line":447,"column":44}},"loc":{"start":{"line":447,"column":44},"end":{"line":447,"column":55}}},"26":{"name":"isMultiSelect","decl":{"start":{"line":452,"column":16},"end":{"line":452,"column":30}},"loc":{"start":{"line":452,"column":69},"end":{"line":457,"column":null}}},"27":{"name":"getMatchingOption","decl":{"start":{"line":460,"column":16},"end":{"line":460,"column":null}},"loc":{"start":{"line":463,"column":49},"end":{"line":517,"column":null}}},"28":{"name":"(anonymous_28)","decl":{"start":{"line":479,"column":51},"end":{"line":479,"column":60}},"loc":{"start":{"line":479,"column":60},"end":{"line":479,"column":null}}},"29":{"name":"mergeDefaultsWithFormData","decl":{"start":{"line":519,"column":16},"end":{"line":519,"column":42}},"loc":{"start":{"line":519,"column":70},"end":{"line":542,"column":null}}},"30":{"name":"(anonymous_30)","decl":{"start":{"line":524,"column":24},"end":{"line":524,"column":25}},"loc":{"start":{"line":524,"column":39},"end":{"line":529,"column":null}}},"31":{"name":"(anonymous_31)","decl":{"start":{"line":532,"column":40},"end":{"line":532,"column":41}},"loc":{"start":{"line":532,"column":53},"end":{"line":538,"column":7}}}},"branchMap":{"0":{"loc":{"start":{"line":10,"column":9},"end":{"line":10,"column":38}},"type":"binary-expr","locations":[{"start":{"line":10,"column":9},"end":{"line":10,"column":38}},{"start":{"line":10,"column":38},"end":{"line":10,"column":56}},{"start":{"line":10,"column":56},"end":{"line":10,"column":62}}]},"1":{"loc":{"start":{"line":14,"column":9},"end":{"line":14,"column":18}},"type":"binary-expr","locations":[{"start":{"line":14,"column":9},"end":{"line":14,"column":18}},{"start":{"line":14,"column":28},"end":{"line":14,"column":null}}]},"2":{"loc":{"start":{"line":40,"column":59},"end":{"line":40,"column":63}},"type":"default-arg","locations":[{"start":{"line":40,"column":59},"end":{"line":40,"column":63}}]},"3":{"loc":{"start":{"line":40,"column":74},"end":{"line":40,"column":76}},"type":"default-arg","locations":[{"start":{"line":40,"column":74},"end":{"line":40,"column":76}}]},"4":{"loc":{"start":{"line":41,"column":2},"end":{"line":56,"column":null}},"type":"if","locations":[{"start":{"line":41,"column":2},"end":{"line":56,"column":null}},{"start":{"line":41,"column":2},"end":{"line":56,"column":null}}]},"5":{"loc":{"start":{"line":43,"column":9},"end":{"line":56,"column":null}},"type":"if","locations":[{"start":{"line":43,"column":9},"end":{"line":56,"column":null}},{"start":{"line":43,"column":9},"end":{"line":56,"column":null}}]},"6":{"loc":{"start":{"line":46,"column":9},"end":{"line":56,"column":null}},"type":"if","locations":[{"start":{"line":46,"column":9},"end":{"line":56,"column":null}},{"start":{"line":46,"column":9},"end":{"line":56,"column":null}}]},"7":{"loc":{"start":{"line":46,"column":13},"end":{"line":46,"column":28}},"type":"binary-expr","locations":[{"start":{"line":46,"column":13},"end":{"line":46,"column":28}},{"start":{"line":46,"column":48},"end":{"line":46,"column":53}}]},"8":{"loc":{"start":{"line":61,"column":15},"end":{"line":61,"column":null}},"type":"default-arg","locations":[{"start":{"line":61,"column":15},"end":{"line":61,"column":null}}]},"9":{"loc":{"start":{"line":62,"column":18},"end":{"line":62,"column":20}},"type":"default-arg","locations":[{"start":{"line":62,"column":18},"end":{"line":62,"column":20}}]},"10":{"loc":{"start":{"line":64,"column":2},"end":{"line":66,"column":null}},"type":"if","locations":[{"start":{"line":64,"column":2},"end":{"line":66,"column":null}},{"start":{"line":64,"column":2},"end":{"line":66,"column":null}}]},"11":{"loc":{"start":{"line":70,"column":2},"end":{"line":82,"column":null}},"type":"if","locations":[{"start":{"line":70,"column":2},"end":{"line":82,"column":null}},{"start":{"line":70,"column":2},"end":{"line":82,"column":null}}]},"12":{"loc":{"start":{"line":84,"column":4},"end":{"line":84,"column":18}},"type":"binary-expr","locations":[{"start":{"line":84,"column":4},"end":{"line":84,"column":18}},{"start":{"line":85,"column":4},"end":{"line":85,"column":null}}]},"13":{"loc":{"start":{"line":86,"column":2},"end":{"line":93,"column":null}},"type":"if","locations":[{"start":{"line":86,"column":2},"end":{"line":93,"column":null}},{"start":{"line":86,"column":2},"end":{"line":93,"column":null}}]},"14":{"loc":{"start":{"line":101,"column":23},"end":{"line":101,"column":null}},"type":"default-arg","locations":[{"start":{"line":101,"column":23},"end":{"line":101,"column":null}}]},"15":{"loc":{"start":{"line":102,"column":18},"end":{"line":102,"column":20}},"type":"default-arg","locations":[{"start":{"line":102,"column":18},"end":{"line":102,"column":20}}]},"16":{"loc":{"start":{"line":111,"column":4},"end":{"line":114,"column":null}},"type":"if","locations":[{"start":{"line":111,"column":4},"end":{"line":114,"column":null}},{"start":{"line":111,"column":4},"end":{"line":114,"column":null}}]},"17":{"loc":{"start":{"line":117,"column":4},"end":{"line":127,"column":null}},"type":"if","locations":[{"start":{"line":117,"column":4},"end":{"line":127,"column":null}},{"start":{"line":117,"column":4},"end":{"line":127,"column":null}}]},"18":{"loc":{"start":{"line":123,"column":11},"end":{"line":127,"column":null}},"type":"if","locations":[{"start":{"line":123,"column":11},"end":{"line":127,"column":null}},{"start":{"line":123,"column":11},"end":{"line":127,"column":null}}]},"19":{"loc":{"start":{"line":160,"column":64},"end":{"line":160,"column":66}},"type":"default-arg","locations":[{"start":{"line":160,"column":64},"end":{"line":160,"column":66}}]},"20":{"loc":{"start":{"line":162,"column":2},"end":{"line":167,"column":null}},"type":"if","locations":[{"start":{"line":162,"column":2},"end":{"line":167,"column":null}},{"start":{"line":162,"column":2},"end":{"line":167,"column":null}}]},"21":{"loc":{"start":{"line":169,"column":2},"end":{"line":171,"column":null}},"type":"if","locations":[{"start":{"line":169,"column":2},"end":{"line":171,"column":null}},{"start":{"line":169,"column":2},"end":{"line":171,"column":null}}]},"22":{"loc":{"start":{"line":172,"column":2},"end":{"line":175,"column":null}},"type":"if","locations":[{"start":{"line":172,"column":2},"end":{"line":175,"column":null}},{"start":{"line":172,"column":2},"end":{"line":175,"column":null}}]},"23":{"loc":{"start":{"line":185,"column":23},"end":{"line":185,"column":27}},"type":"default-arg","locations":[{"start":{"line":185,"column":23},"end":{"line":185,"column":27}}]},"24":{"loc":{"start":{"line":186,"column":2},"end":{"line":196,"column":null}},"type":"if","locations":[{"start":{"line":186,"column":2},"end":{"line":196,"column":null}},{"start":{"line":186,"column":2},"end":{"line":196,"column":null}}]},"25":{"loc":{"start":{"line":191,"column":9},"end":{"line":196,"column":null}},"type":"if","locations":[{"start":{"line":191,"column":9},"end":{"line":196,"column":null}},{"start":{"line":191,"column":9},"end":{"line":196,"column":null}}]},"26":{"loc":{"start":{"line":208,"column":4},"end":{"line":210,"column":null}},"type":"if","locations":[{"start":{"line":208,"column":4},"end":{"line":210,"column":null}},{"start":{"line":208,"column":4},"end":{"line":210,"column":null}}]},"27":{"loc":{"start":{"line":212,"column":4},"end":{"line":217,"column":null}},"type":"if","locations":[{"start":{"line":212,"column":4},"end":{"line":217,"column":null}},{"start":{"line":212,"column":4},"end":{"line":217,"column":null}}]},"28":{"loc":{"start":{"line":213,"column":6},"end":{"line":213,"column":null}},"type":"binary-expr","locations":[{"start":{"line":213,"column":6},"end":{"line":213,"column":null}},{"start":{"line":214,"column":6},"end":{"line":214,"column":8}}]},"29":{"loc":{"start":{"line":220,"column":4},"end":{"line":230,"column":null}},"type":"if","locations":[{"start":{"line":220,"column":4},"end":{"line":230,"column":null}},{"start":{"line":220,"column":4},"end":{"line":230,"column":null}}]},"30":{"loc":{"start":{"line":222,"column":11},"end":{"line":230,"column":null}},"type":"if","locations":[{"start":{"line":222,"column":11},"end":{"line":230,"column":null}},{"start":{"line":222,"column":11},"end":{"line":230,"column":null}}]},"31":{"loc":{"start":{"line":242,"column":2},"end":{"line":244,"column":null}},"type":"if","locations":[{"start":{"line":242,"column":2},"end":{"line":244,"column":null}},{"start":{"line":242,"column":2},"end":{"line":244,"column":null}}]},"32":{"loc":{"start":{"line":246,"column":6},"end":{"line":246,"column":11}},"type":"cond-expr","locations":[{"start":{"line":246,"column":6},"end":{"line":246,"column":11}},{"start":{"line":247,"column":6},"end":{"line":247,"column":null}}]},"33":{"loc":{"start":{"line":266,"column":2},"end":{"line":270,"column":null}},"type":"if","locations":[{"start":{"line":266,"column":2},"end":{"line":270,"column":null}},{"start":{"line":266,"column":2},"end":{"line":270,"column":null}}]},"34":{"loc":{"start":{"line":268,"column":9},"end":{"line":270,"column":null}},"type":"if","locations":[{"start":{"line":268,"column":9},"end":{"line":270,"column":null}},{"start":{"line":268,"column":9},"end":{"line":270,"column":null}}]},"35":{"loc":{"start":{"line":274,"column":8},"end":{"line":274,"column":25}},"type":"cond-expr","locations":[{"start":{"line":274,"column":8},"end":{"line":274,"column":25}},{"start":{"line":275,"column":8},"end":{"line":275,"column":null}}]},"36":{"loc":{"start":{"line":294,"column":4},"end":{"line":296,"column":null}},"type":"if","locations":[{"start":{"line":294,"column":4},"end":{"line":296,"column":null}},{"start":{"line":294,"column":4},"end":{"line":296,"column":null}}]},"37":{"loc":{"start":{"line":298,"column":4},"end":{"line":308,"column":null}},"type":"if","locations":[{"start":{"line":298,"column":4},"end":{"line":308,"column":null}},{"start":{"line":298,"column":4},"end":{"line":308,"column":null}}]},"38":{"loc":{"start":{"line":307,"column":13},"end":{"line":307,"column":24}},"type":"binary-expr","locations":[{"start":{"line":307,"column":13},"end":{"line":307,"column":24}},{"start":{"line":307,"column":24},"end":{"line":307,"column":null}}]},"39":{"loc":{"start":{"line":310,"column":2},"end":{"line":315,"column":null}},"type":"if","locations":[{"start":{"line":310,"column":2},"end":{"line":315,"column":null}},{"start":{"line":310,"column":2},"end":{"line":315,"column":null}}]},"40":{"loc":{"start":{"line":336,"column":24},"end":{"line":336,"column":29}},"type":"cond-expr","locations":[{"start":{"line":336,"column":24},"end":{"line":336,"column":29}},{"start":{"line":336,"column":36},"end":{"line":336,"column":null}}]},"41":{"loc":{"start":{"line":338,"column":4},"end":{"line":353,"column":null}},"type":"if","locations":[{"start":{"line":338,"column":4},"end":{"line":353,"column":null}},{"start":{"line":338,"column":4},"end":{"line":353,"column":null}}]},"42":{"loc":{"start":{"line":338,"column":8},"end":{"line":338,"column":12}},"type":"binary-expr","locations":[{"start":{"line":338,"column":8},"end":{"line":338,"column":12}},{"start":{"line":338,"column":16},"end":{"line":338,"column":31}},{"start":{"line":338,"column":45},"end":{"line":338,"column":54}}]},"43":{"loc":{"start":{"line":340,"column":11},"end":{"line":353,"column":null}},"type":"if","locations":[{"start":{"line":340,"column":11},"end":{"line":353,"column":null}},{"start":{"line":340,"column":11},"end":{"line":353,"column":null}}]},"44":{"loc":{"start":{"line":341,"column":6},"end":{"line":341,"column":10}},"type":"binary-expr","locations":[{"start":{"line":341,"column":6},"end":{"line":341,"column":10}},{"start":{"line":342,"column":6},"end":{"line":342,"column":null}},{"start":{"line":343,"column":7},"end":{"line":343,"column":43}},{"start":{"line":343,"column":43},"end":{"line":343,"column":null}},{"start":{"line":344,"column":6},"end":{"line":344,"column":null}},{"start":{"line":345,"column":6},"end":{"line":345,"column":11}},{"start":{"line":346,"column":6},"end":{"line":346,"column":11}}]},"45":{"loc":{"start":{"line":370,"column":2},"end":{"line":372,"column":null}},"type":"if","locations":[{"start":{"line":370,"column":2},"end":{"line":372,"column":null}},{"start":{"line":370,"column":2},"end":{"line":372,"column":null}}]},"46":{"loc":{"start":{"line":370,"column":6},"end":{"line":370,"column":15}},"type":"binary-expr","locations":[{"start":{"line":370,"column":6},"end":{"line":370,"column":15}},{"start":{"line":370,"column":15},"end":{"line":370,"column":29}}]},"47":{"loc":{"start":{"line":374,"column":2},"end":{"line":376,"column":null}},"type":"if","locations":[{"start":{"line":374,"column":2},"end":{"line":376,"column":null}},{"start":{"line":374,"column":2},"end":{"line":376,"column":null}}]},"48":{"loc":{"start":{"line":374,"column":6},"end":{"line":374,"column":15}},"type":"binary-expr","locations":[{"start":{"line":374,"column":6},"end":{"line":374,"column":15}},{"start":{"line":374,"column":15},"end":{"line":374,"column":28}}]},"49":{"loc":{"start":{"line":378,"column":2},"end":{"line":380,"column":null}},"type":"if","locations":[{"start":{"line":378,"column":2},"end":{"line":380,"column":null}},{"start":{"line":378,"column":2},"end":{"line":380,"column":null}}]},"50":{"loc":{"start":{"line":378,"column":6},"end":{"line":378,"column":16}},"type":"binary-expr","locations":[{"start":{"line":378,"column":6},"end":{"line":378,"column":16}},{"start":{"line":378,"column":16},"end":{"line":378,"column":37}},{"start":{"line":378,"column":37},"end":{"line":378,"column":67}}]},"51":{"loc":{"start":{"line":383,"column":2},"end":{"line":385,"column":null}},"type":"if","locations":[{"start":{"line":383,"column":2},"end":{"line":385,"column":null}},{"start":{"line":383,"column":2},"end":{"line":385,"column":null}}]},"52":{"loc":{"start":{"line":383,"column":6},"end":{"line":383,"column":28}},"type":"binary-expr","locations":[{"start":{"line":383,"column":6},"end":{"line":383,"column":28}},{"start":{"line":383,"column":28},"end":{"line":383,"column":46}},{"start":{"line":383,"column":46},"end":{"line":383,"column":47}}]},"53":{"loc":{"start":{"line":417,"column":2},"end":{"line":429,"column":null}},"type":"if","locations":[{"start":{"line":417,"column":2},"end":{"line":429,"column":null}},{"start":{"line":417,"column":2},"end":{"line":429,"column":null}}]},"54":{"loc":{"start":{"line":419,"column":9},"end":{"line":429,"column":null}},"type":"if","locations":[{"start":{"line":419,"column":9},"end":{"line":429,"column":null}},{"start":{"line":419,"column":9},"end":{"line":429,"column":null}}]},"55":{"loc":{"start":{"line":421,"column":9},"end":{"line":429,"column":null}},"type":"if","locations":[{"start":{"line":421,"column":9},"end":{"line":429,"column":null}},{"start":{"line":421,"column":9},"end":{"line":429,"column":null}}]},"56":{"loc":{"start":{"line":423,"column":9},"end":{"line":429,"column":null}},"type":"if","locations":[{"start":{"line":423,"column":9},"end":{"line":429,"column":null}},{"start":{"line":423,"column":9},"end":{"line":429,"column":null}}]},"57":{"loc":{"start":{"line":425,"column":9},"end":{"line":429,"column":null}},"type":"if","locations":[{"start":{"line":425,"column":9},"end":{"line":429,"column":null}},{"start":{"line":425,"column":9},"end":{"line":429,"column":null}}]},"58":{"loc":{"start":{"line":427,"column":9},"end":{"line":429,"column":null}},"type":"if","locations":[{"start":{"line":427,"column":9},"end":{"line":429,"column":null}},{"start":{"line":427,"column":9},"end":{"line":429,"column":null}}]},"59":{"loc":{"start":{"line":436,"column":5},"end":{"line":436,"column":10}},"type":"binary-expr","locations":[{"start":{"line":436,"column":5},"end":{"line":436,"column":10}},{"start":{"line":436,"column":35},"end":{"line":436,"column":null}},{"start":{"line":437,"column":4},"end":{"line":437,"column":10}}]},"60":{"loc":{"start":{"line":441,"column":60},"end":{"line":441,"column":62}},"type":"default-arg","locations":[{"start":{"line":441,"column":60},"end":{"line":441,"column":62}}]},"61":{"loc":{"start":{"line":443,"column":21},"end":{"line":443,"column":37}},"type":"binary-expr","locations":[{"start":{"line":443,"column":21},"end":{"line":443,"column":37}},{"start":{"line":443,"column":37},"end":{"line":443,"column":null}}]},"62":{"loc":{"start":{"line":444,"column":2},"end":{"line":448,"column":null}},"type":"if","locations":[{"start":{"line":444,"column":2},"end":{"line":448,"column":null}},{"start":{"line":444,"column":2},"end":{"line":448,"column":null}}]},"63":{"loc":{"start":{"line":446,"column":9},"end":{"line":448,"column":null}},"type":"if","locations":[{"start":{"line":446,"column":9},"end":{"line":448,"column":null}},{"start":{"line":446,"column":9},"end":{"line":448,"column":null}}]},"64":{"loc":{"start":{"line":452,"column":67},"end":{"line":452,"column":69}},"type":"default-arg","locations":[{"start":{"line":452,"column":67},"end":{"line":452,"column":69}}]},"65":{"loc":{"start":{"line":453,"column":2},"end":{"line":455,"column":null}},"type":"if","locations":[{"start":{"line":453,"column":2},"end":{"line":455,"column":null}},{"start":{"line":453,"column":2},"end":{"line":455,"column":null}}]},"66":{"loc":{"start":{"line":453,"column":6},"end":{"line":453,"column":29}},"type":"binary-expr","locations":[{"start":{"line":453,"column":6},"end":{"line":453,"column":29}},{"start":{"line":453,"column":29},"end":{"line":453,"column":44}}]},"67":{"loc":{"start":{"line":475,"column":4},"end":{"line":514,"column":null}},"type":"if","locations":[{"start":{"line":475,"column":4},"end":{"line":514,"column":null}},{"start":{"line":475,"column":4},"end":{"line":514,"column":null}}]},"68":{"loc":{"start":{"line":487,"column":6},"end":{"line":503,"column":null}},"type":"if","locations":[{"start":{"line":487,"column":6},"end":{"line":503,"column":null}},{"start":{"line":487,"column":6},"end":{"line":503,"column":null}}]},"69":{"loc":{"start":{"line":491,"column":8},"end":{"line":496,"column":null}},"type":"if","locations":[{"start":{"line":491,"column":8},"end":{"line":496,"column":null}},{"start":{"line":491,"column":8},"end":{"line":496,"column":null}}]},"70":{"loc":{"start":{"line":509,"column":6},"end":{"line":511,"column":null}},"type":"if","locations":[{"start":{"line":509,"column":6},"end":{"line":511,"column":null}},{"start":{"line":509,"column":6},"end":{"line":511,"column":null}}]},"71":{"loc":{"start":{"line":512,"column":11},"end":{"line":514,"column":null}},"type":"if","locations":[{"start":{"line":512,"column":11},"end":{"line":514,"column":null}},{"start":{"line":512,"column":11},"end":{"line":514,"column":null}}]},"72":{"loc":{"start":{"line":520,"column":2},"end":{"line":541,"column":null}},"type":"if","locations":[{"start":{"line":520,"column":2},"end":{"line":541,"column":null}},{"start":{"line":520,"column":2},"end":{"line":541,"column":null}}]},"73":{"loc":{"start":{"line":521,"column":4},"end":{"line":523,"column":null}},"type":"if","locations":[{"start":{"line":521,"column":4},"end":{"line":523,"column":null}},{"start":{"line":521,"column":4},"end":{"line":523,"column":null}}]},"74":{"loc":{"start":{"line":525,"column":6},"end":{"line":527,"column":null}},"type":"if","locations":[{"start":{"line":525,"column":6},"end":{"line":527,"column":null}},{"start":{"line":525,"column":6},"end":{"line":527,"column":null}}]},"75":{"loc":{"start":{"line":530,"column":9},"end":{"line":541,"column":null}},"type":"if","locations":[{"start":{"line":530,"column":9},"end":{"line":541,"column":null}},{"start":{"line":530,"column":9},"end":{"line":541,"column":null}}]},"76":{"loc":{"start":{"line":534,"column":19},"end":{"line":534,"column":28}},"type":"cond-expr","locations":[{"start":{"line":534,"column":19},"end":{"line":534,"column":28}},{"start":{"line":534,"column":35},"end":{"line":534,"column":null}}]},"77":{"loc":{"start":{"line":550,"column":2},"end":{"line":552,"column":null}},"type":"if","locations":[{"start":{"line":550,"column":2},"end":{"line":552,"column":null}},{"start":{"line":550,"column":2},"end":{"line":552,"column":null}}]},"78":{"loc":{"start":{"line":563,"column":2},"end":{"line":566,"column":null}},"type":"if","locations":[{"start":{"line":563,"column":2},"end":{"line":566,"column":null}},{"start":{"line":563,"column":2},"end":{"line":566,"column":null}}]},"79":{"loc":{"start":{"line":567,"column":2},"end":{"line":569,"column":null}},"type":"if","locations":[{"start":{"line":567,"column":2},"end":{"line":569,"column":null}},{"start":{"line":567,"column":2},"end":{"line":569,"column":null}}]},"80":{"loc":{"start":{"line":567,"column":6},"end":{"line":567,"column":15}},"type":"binary-expr","locations":[{"start":{"line":567,"column":6},"end":{"line":567,"column":15}},{"start":{"line":567,"column":28},"end":{"line":567,"column":33}}]},"81":{"loc":{"start":{"line":570,"column":2},"end":{"line":572,"column":null}},"type":"if","locations":[{"start":{"line":570,"column":2},"end":{"line":572,"column":null}},{"start":{"line":570,"column":2},"end":{"line":572,"column":null}}]},"82":{"loc":{"start":{"line":570,"column":6},"end":{"line":570,"column":24}},"type":"binary-expr","locations":[{"start":{"line":570,"column":6},"end":{"line":570,"column":24}},{"start":{"line":570,"column":24},"end":{"line":570,"column":46}},{"start":{"line":570,"column":46},"end":{"line":570,"column":63}}]},"83":{"loc":{"start":{"line":573,"column":9},"end":{"line":573,"column":17}},"type":"binary-expr","locations":[{"start":{"line":573,"column":9},"end":{"line":573,"column":17}},{"start":{"line":573,"column":21},"end":{"line":573,"column":null}}]}},"s":{"0":1,"1":1,"2":1,"3":1,"4":1,"5":0,"6":3,"7":1,"8":0,"9":0,"10":1,"11":0,"12":1,"13":0,"14":0,"15":1,"16":0,"17":0,"18":1,"19":1,"20":0,"21":1,"22":1,"23":0,"24":0,"25":0,"26":0,"27":0,"28":1,"29":1,"30":0,"31":1,"32":1,"33":0,"34":0,"35":0,"36":0,"37":0,"38":0,"39":0,"40":0,"41":0,"42":0,"43":0,"44":0,"45":0,"46":0,"47":0,"48":0,"49":0,"50":0,"51":0,"52":0,"53":0,"54":0,"55":0,"56":0,"57":0,"58":0,"59":0,"60":0,"61":0,"62":0,"63":0,"64":0,"65":0,"66":0,"67":0,"68":0,"69":0,"70":0,"71":0,"72":0,"73":0,"74":0,"75":0,"76":0,"77":0,"78":0,"79":0,"80":0,"81":0,"82":0,"83":0,"84":0,"85":0,"86":0,"87":0,"88":0,"89":0,"90":0,"91":0,"92":0,"93":0,"94":0,"95":0,"96":0,"97":0,"98":0,"99":0,"100":0,"101":0,"102":0,"103":0,"104":0,"105":0,"106":0,"107":0,"108":0,"109":0,"110":0,"111":0,"112":0,"113":0,"114":0,"115":0,"116":0,"117":0,"118":0,"119":0,"120":0,"121":0,"122":0,"123":0,"124":0,"125":0,"126":1,"127":0,"128":0,"129":0,"130":0,"131":0,"132":0,"133":0,"134":0,"135":0,"136":0,"137":0,"138":0,"139":0,"140":0,"141":0,"142":0,"143":0,"144":0,"145":0,"146":0,"147":0,"148":0,"149":0,"150":0,"151":0,"152":0,"153":0,"154":0,"155":0,"156":0,"157":0,"158":0,"159":0,"160":0,"161":0,"162":0,"163":0,"164":0,"165":0,"166":0,"167":0,"168":0,"169":0,"170":0,"171":0,"172":0,"173":0,"174":0,"175":0,"176":0,"177":0,"178":0,"179":0,"180":0,"181":0,"182":0,"183":0,"184":0,"185":0,"186":0,"187":0,"188":0,"189":0,"190":0,"191":0,"192":0,"193":0,"194":0},"f":{"0":1,"1":0,"2":3,"3":0,"4":1,"5":0,"6":1,"7":0,"8":0,"9":0,"10":0,"11":0,"12":0,"13":0,"14":0,"15":0,"16":0,"17":0,"18":0,"19":0,"20":0,"21":0,"22":0,"23":0,"24":0,"25":0,"26":0,"27":0,"28":0,"29":0,"30":0,"31":0},"b":{"0":[1,1,1],"1":[0,0],"2":[0],"3":[0],"4":[0,1],"5":[0,1],"6":[0,1],"7":[1,0],"8":[0],"9":[0],"10":[0,1],"11":[0,1],"12":[1,0],"13":[0,1],"14":[0],"15":[0],"16":[0,0],"17":[0,0],"18":[0,0],"19":[0],"20":[0,0],"21":[0,0],"22":[0,0],"23":[0],"24":[0,0],"25":[0,0],"26":[0,0],"27":[0,0],"28":[0,0],"29":[0,0],"30":[0,0],"31":[0,0],"32":[0,0],"33":[0,0],"34":[0,0],"35":[0,0],"36":[0,0],"37":[0,0],"38":[0,0],"39":[0,0],"40":[0,0],"41":[0,0],"42":[0,0,0],"43":[0,0],"44":[0,0,0,0,0,0,0],"45":[0,0],"46":[0,0],"47":[0,0],"48":[0,0],"49":[0,0],"50":[0,0,0],"51":[0,0],"52":[0,0,0],"53":[0,0],"54":[0,0],"55":[0,0],"56":[0,0],"57":[0,0],"58":[0,0],"59":[0,0,0],"60":[0],"61":[0,0],"62":[0,0],"63":[0,0],"64":[0],"65":[0,0],"66":[0,0],"67":[0,0],"68":[0,0],"69":[0,0],"70":[0,0],"71":[0,0],"72":[0,0],"73":[0,0],"74":[0,0],"75":[0,0],"76":[0,0],"77":[0,0],"78":[0,0],"79":[0,0],"80":[0,0],"81":[0,0],"82":[0,0,0],"83":[0,0]}}
,"H:\\imooc\\ts-vue3-tsx-study\\vue3-json-schema-form\\lib\\fields\\ArrayField.tsx": {"path":"H:\\imooc\\ts-vue3-tsx-study\\vue3-json-schema-form\\lib\\fields\\ArrayField.tsx","statementMap":{"0":{"start":{"line":1,"column":0},"end":{"line":1,"column":null}},"1":{"start":{"line":2,"column":0},"end":{"line":2,"column":null}},"2":{"start":{"line":3,"column":0},"end":{"line":3,"column":null}},"3":{"start":{"line":4,"column":0},"end":{"line":4,"column":null}},"4":{"start":{"line":5,"column":0},"end":{"line":5,"column":null}},"5":{"start":{"line":30,"column":18},"end":{"line":30,"column":34}},"6":{"start":{"line":46,"column":25},"end":{"line":46,"column":41}},"7":{"start":{"line":71,"column":23},"end":{"line":71,"column":null}},"8":{"start":{"line":72,"column":22},"end":{"line":72,"column":33}},"9":{"start":{"line":72,"column":28},"end":{"line":72,"column":33}},"10":{"start":{"line":73,"column":25},"end":{"line":73,"column":36}},"11":{"start":{"line":73,"column":31},"end":{"line":73,"column":36}},"12":{"start":{"line":74,"column":21},"end":{"line":74,"column":32}},"13":{"start":{"line":74,"column":27},"end":{"line":74,"column":32}},"14":{"start":{"line":75,"column":23},"end":{"line":75,"column":34}},"15":{"start":{"line":75,"column":29},"end":{"line":75,"column":34}},"16":{"start":{"line":76,"column":4},"end":{"line":76,"column":11}},"17":{"start":{"line":77,"column":22},"end":{"line":77,"column":null}},"18":{"start":{"line":78,"column":6},"end":{"line":78,"column":null}},"19":{"start":{"line":93,"column":15},"end":{"line":93,"column":31}},"20":{"start":{"line":97,"column":20},"end":{"line":97,"column":null}},"21":{"start":{"line":98,"column":35},"end":{"line":103,"column":null}},"22":{"start":{"line":99,"column":24},"end":{"line":99,"column":null}},"23":{"start":{"line":100,"column":18},"end":{"line":100,"column":null}},"24":{"start":{"line":101,"column":6},"end":{"line":101,"column":9}},"25":{"start":{"line":102,"column":6},"end":{"line":102,"column":11}},"26":{"start":{"line":104,"column":23},"end":{"line":109,"column":null}},"27":{"start":{"line":105,"column":24},"end":{"line":105,"column":null}},"28":{"start":{"line":106,"column":18},"end":{"line":106,"column":null}},"29":{"start":{"line":107,"column":6},"end":{"line":107,"column":9}},"30":{"start":{"line":108,"column":6},"end":{"line":108,"column":11}},"31":{"start":{"line":110,"column":26},"end":{"line":115,"column":null}},"32":{"start":{"line":111,"column":24},"end":{"line":111,"column":null}},"33":{"start":{"line":112,"column":18},"end":{"line":112,"column":null}},"34":{"start":{"line":113,"column":6},"end":{"line":113,"column":9}},"35":{"start":{"line":114,"column":6},"end":{"line":114,"column":11}},"36":{"start":{"line":116,"column":22},"end":{"line":122,"column":null}},"37":{"start":{"line":117,"column":24},"end":{"line":117,"column":null}},"38":{"start":{"line":118,"column":18},"end":{"line":118,"column":null}},"39":{"start":{"line":119,"column":19},"end":{"line":119,"column":22}},"40":{"start":{"line":120,"column":6},"end":{"line":120,"column":9}},"41":{"start":{"line":121,"column":6},"end":{"line":121,"column":11}},"42":{"start":{"line":123,"column":24},"end":{"line":129,"column":null}},"43":{"start":{"line":124,"column":24},"end":{"line":124,"column":null}},"44":{"start":{"line":125,"column":18},"end":{"line":125,"column":null}},"45":{"start":{"line":126,"column":19},"end":{"line":126,"column":22}},"46":{"start":{"line":127,"column":6},"end":{"line":127,"column":9}},"47":{"start":{"line":128,"column":6},"end":{"line":128,"column":11}},"48":{"start":{"line":130,"column":4},"end":{"line":130,"column":11}},"49":{"start":{"line":131,"column":42},"end":{"line":131,"column":null}},"50":{"start":{"line":132,"column":44},"end":{"line":132,"column":null}},"51":{"start":{"line":133,"column":25},"end":{"line":133,"column":30}},"52":{"start":{"line":134,"column":23},"end":{"line":134,"column":null}},"53":{"start":{"line":135,"column":6},"end":{"line":178,"column":null}},"54":{"start":{"line":136,"column":32},"end":{"line":136,"column":null}},"55":{"start":{"line":137,"column":20},"end":{"line":137,"column":null}},"56":{"start":{"line":138,"column":8},"end":{"line":138,"column":15}},"57":{"start":{"line":138,"column":25},"end":{"line":138,"column":26}},"58":{"start":{"line":144,"column":34},"end":{"line":144,"column":57}},"59":{"start":{"line":147,"column":13},"end":{"line":178,"column":null}},"60":{"start":{"line":148,"column":20},"end":{"line":148,"column":null}},"61":{"start":{"line":149,"column":8},"end":{"line":149,"column":15}},"62":{"start":{"line":149,"column":23},"end":{"line":149,"column":24}},"63":{"start":{"line":162,"column":36},"end":{"line":162,"column":59}},"64":{"start":{"line":167,"column":29},"end":{"line":167,"column":null}},"65":{"start":{"line":168,"column":24},"end":{"line":168,"column":35}},"66":{"start":{"line":169,"column":10},"end":{"line":169,"column":17}},"67":{"start":{"line":171,"column":8},"end":{"line":171,"column":null}}},"fnMap":{"0":{"name":"(anonymous_0)","decl":{"start":{"line":70,"column":2},"end":{"line":70,"column":7}},"loc":{"start":{"line":70,"column":24},"end":{"line":90,"column":null}}},"1":{"name":"(anonymous_1)","decl":{"start":{"line":72,"column":22},"end":{"line":72,"column":28}},"loc":{"start":{"line":72,"column":28},"end":{"line":72,"column":33}}},"2":{"name":"(anonymous_2)","decl":{"start":{"line":73,"column":25},"end":{"line":73,"column":31}},"loc":{"start":{"line":73,"column":31},"end":{"line":73,"column":36}}},"3":{"name":"(anonymous_3)","decl":{"start":{"line":74,"column":21},"end":{"line":74,"column":27}},"loc":{"start":{"line":74,"column":27},"end":{"line":74,"column":32}}},"4":{"name":"(anonymous_4)","decl":{"start":{"line":75,"column":23},"end":{"line":75,"column":29}},"loc":{"start":{"line":75,"column":29},"end":{"line":75,"column":34}}},"5":{"name":"(anonymous_5)","decl":{"start":{"line":76,"column":11},"end":{"line":76,"column":16}},"loc":{"start":{"line":76,"column":16},"end":{"line":89,"column":null}}},"6":{"name":"(anonymous_6)","decl":{"start":{"line":96,"column":2},"end":{"line":96,"column":7}},"loc":{"start":{"line":96,"column":13},"end":{"line":180,"column":null}}},"7":{"name":"(anonymous_7)","decl":{"start":{"line":98,"column":35},"end":{"line":98,"column":36}},"loc":{"start":{"line":98,"column":60},"end":{"line":103,"column":null}}},"8":{"name":"(anonymous_8)","decl":{"start":{"line":104,"column":23},"end":{"line":104,"column":40}},"loc":{"start":{"line":104,"column":40},"end":{"line":109,"column":null}}},"9":{"name":"(anonymous_9)","decl":{"start":{"line":110,"column":26},"end":{"line":110,"column":43}},"loc":{"start":{"line":110,"column":43},"end":{"line":115,"column":null}}},"10":{"name":"(anonymous_10)","decl":{"start":{"line":116,"column":22},"end":{"line":116,"column":39}},"loc":{"start":{"line":116,"column":39},"end":{"line":122,"column":null}}},"11":{"name":"(anonymous_11)","decl":{"start":{"line":123,"column":24},"end":{"line":123,"column":41}},"loc":{"start":{"line":123,"column":41},"end":{"line":129,"column":null}}},"12":{"name":"(anonymous_12)","decl":{"start":{"line":130,"column":11},"end":{"line":130,"column":16}},"loc":{"start":{"line":130,"column":16},"end":{"line":179,"column":null}}},"13":{"name":"(anonymous_13)","decl":{"start":{"line":138,"column":25},"end":{"line":138,"column":26}},"loc":{"start":{"line":138,"column":25},"end":{"line":138,"column":26}}},"14":{"name":"(anonymous_14)","decl":{"start":{"line":144,"column":23},"end":{"line":144,"column":34}},"loc":{"start":{"line":144,"column":34},"end":{"line":144,"column":57}}},"15":{"name":"(anonymous_15)","decl":{"start":{"line":149,"column":23},"end":{"line":149,"column":24}},"loc":{"start":{"line":149,"column":23},"end":{"line":149,"column":24}}},"16":{"name":"(anonymous_17)","decl":{"start":{"line":162,"column":25},"end":{"line":162,"column":36}},"loc":{"start":{"line":162,"column":36},"end":{"line":162,"column":59}}},"17":{"name":"(anonymous_18)","decl":{"start":{"line":168,"column":41},"end":{"line":168,"column":51}},"loc":{"start":{"line":168,"column":51},"end":{"line":170,"column":null}}}},"branchMap":{"0":{"loc":{"start":{"line":86,"column":40},"end":{"line":86,"column":57}},"type":"binary-expr","locations":[{"start":{"line":86,"column":40},"end":{"line":86,"column":57}},{"start":{"line":86,"column":57},"end":{"line":86,"column":62}}]},"1":{"loc":{"start":{"line":100,"column":41},"end":{"line":100,"column":49}},"type":"cond-expr","locations":[{"start":{"line":100,"column":41},"end":{"line":100,"column":49}},{"start":{"line":100,"column":49},"end":{"line":100,"column":null}}]},"2":{"loc":{"start":{"line":106,"column":41},"end":{"line":106,"column":49}},"type":"cond-expr","locations":[{"start":{"line":106,"column":41},"end":{"line":106,"column":49}},{"start":{"line":106,"column":49},"end":{"line":106,"column":null}}]},"3":{"loc":{"start":{"line":112,"column":41},"end":{"line":112,"column":49}},"type":"cond-expr","locations":[{"start":{"line":112,"column":41},"end":{"line":112,"column":49}},{"start":{"line":112,"column":49},"end":{"line":112,"column":null}}]},"4":{"loc":{"start":{"line":118,"column":41},"end":{"line":118,"column":49}},"type":"cond-expr","locations":[{"start":{"line":118,"column":41},"end":{"line":118,"column":49}},{"start":{"line":118,"column":49},"end":{"line":118,"column":null}}]},"5":{"loc":{"start":{"line":125,"column":41},"end":{"line":125,"column":49}},"type":"cond-expr","locations":[{"start":{"line":125,"column":41},"end":{"line":125,"column":49}},{"start":{"line":125,"column":49},"end":{"line":125,"column":null}}]},"6":{"loc":{"start":{"line":134,"column":23},"end":{"line":134,"column":40}},"type":"binary-expr","locations":[{"start":{"line":134,"column":23},"end":{"line":134,"column":40}},{"start":{"line":134,"column":40},"end":{"line":134,"column":null}}]},"7":{"loc":{"start":{"line":135,"column":6},"end":{"line":178,"column":null}},"type":"if","locations":[{"start":{"line":135,"column":6},"end":{"line":178,"column":null}},{"start":{"line":135,"column":6},"end":{"line":178,"column":null}}]},"8":{"loc":{"start":{"line":137,"column":43},"end":{"line":137,"column":51}},"type":"cond-expr","locations":[{"start":{"line":137,"column":43},"end":{"line":137,"column":51}},{"start":{"line":137,"column":51},"end":{"line":137,"column":null}}]},"9":{"loc":{"start":{"line":147,"column":13},"end":{"line":178,"column":null}},"type":"if","locations":[{"start":{"line":147,"column":13},"end":{"line":178,"column":null}},{"start":{"line":147,"column":13},"end":{"line":178,"column":null}}]},"10":{"loc":{"start":{"line":148,"column":43},"end":{"line":148,"column":51}},"type":"cond-expr","locations":[{"start":{"line":148,"column":43},"end":{"line":148,"column":51}},{"start":{"line":148,"column":51},"end":{"line":148,"column":null}}]}},"s":{"0":1,"1":1,"2":1,"3":1,"4":1,"5":1,"6":1,"7":0,"8":0,"9":0,"10":0,"11":0,"12":0,"13":0,"14":0,"15":0,"16":0,"17":0,"18":0,"19":1,"20":0,"21":0,"22":0,"23":0,"24":0,"25":0,"26":0,"27":0,"28":0,"29":0,"30":0,"31":0,"32":0,"33":0,"34":0,"35":0,"36":0,"37":0,"38":0,"39":0,"40":0,"41":0,"42":0,"43":0,"44":0,"45":0,"46":0,"47":0,"48":0,"49":0,"50":0,"51":0,"52":0,"53":0,"54":0,"55":0,"56":0,"57":0,"58":0,"59":0,"60":0,"61":0,"62":0,"63":0,"64":0,"65":0,"66":0,"67":0},"f":{"0":0,"1":0,"2":0,"3":0,"4":0,"5":0,"6":0,"7":0,"8":0,"9":0,"10":0,"11":0,"12":0,"13":0,"14":0,"15":0,"16":0,"17":0},"b":{"0":[0,0],"1":[0,0],"2":[0,0],"3":[0,0],"4":[0,0],"5":[0,0],"6":[0,0],"7":[0,0],"8":[0,0],"9":[0,0],"10":[0,0]}}
,"H:\\imooc\\ts-vue3-tsx-study\\vue3-json-schema-form\\lib\\fields\\NumberField.tsx": {"path":"H:\\imooc\\ts-vue3-tsx-study\\vue3-json-schema-form\\lib\\fields\\NumberField.tsx","statementMap":{"0":{"start":{"line":2,"column":0},"end":{"line":2,"column":null}},"1":{"start":{"line":4,"column":15},"end":{"line":4,"column":31}},"2":{"start":{"line":20,"column":26},"end":{"line":28,"column":null}},"3":{"start":{"line":21,"column":20},"end":{"line":21,"column":null}},"4":{"start":{"line":22,"column":18},"end":{"line":22,"column":25}},"5":{"start":{"line":23,"column":6},"end":{"line":27,"column":null}},"6":{"start":{"line":24,"column":8},"end":{"line":24,"column":13}},"7":{"start":{"line":26,"column":8},"end":{"line":26,"column":13}},"8":{"start":{"line":29,"column":4},"end":{"line":29,"column":11}},"9":{"start":{"line":30,"column":25},"end":{"line":30,"column":null}},"10":{"start":{"line":31,"column":6},"end":{"line":31,"column":25}}},"fnMap":{"0":{"name":"(anonymous_0)","decl":{"start":{"line":19,"column":2},"end":{"line":19,"column":7}},"loc":{"start":{"line":19,"column":13},"end":{"line":33,"column":null}}},"1":{"name":"(anonymous_1)","decl":{"start":{"line":20,"column":26},"end":{"line":20,"column":42}},"loc":{"start":{"line":20,"column":42},"end":{"line":28,"column":null}}},"2":{"name":"(anonymous_2)","decl":{"start":{"line":29,"column":11},"end":{"line":29,"column":16}},"loc":{"start":{"line":29,"column":16},"end":{"line":32,"column":null}}}},"branchMap":{"0":{"loc":{"start":{"line":23,"column":6},"end":{"line":27,"column":null}},"type":"if","locations":[{"start":{"line":23,"column":6},"end":{"line":27,"column":null}},{"start":{"line":23,"column":6},"end":{"line":27,"column":null}}]}},"s":{"0":1,"1":1,"2":1,"3":1,"4":1,"5":1,"6":0,"7":1,"8":1,"9":1,"10":1},"f":{"0":1,"1":1,"2":1},"b":{"0":[0,1]}}
,"H:\\imooc\\ts-vue3-tsx-study\\vue3-json-schema-form\\lib\\fields\\ObjectField.tsx": {"path":"H:\\imooc\\ts-vue3-tsx-study\\vue3-json-schema-form\\lib\\fields\\ObjectField.tsx","statementMap":{"0":{"start":{"line":1,"column":0},"end":{"line":1,"column":null}},"1":{"start":{"line":2,"column":0},"end":{"line":2,"column":null}},"2":{"start":{"line":4,"column":0},"end":{"line":4,"column":null}},"3":{"start":{"line":5,"column":0},"end":{"line":5,"column":null}},"4":{"start":{"line":19,"column":15},"end":{"line":19,"column":31}},"5":{"start":{"line":23,"column":20},"end":{"line":23,"column":null}},"6":{"start":{"line":24,"column":36},"end":{"line":32,"column":null}},"7":{"start":{"line":25,"column":25},"end":{"line":25,"column":null}},"8":{"start":{"line":26,"column":6},"end":{"line":30,"column":null}},"9":{"start":{"line":27,"column":8},"end":{"line":27,"column":15}},"10":{"start":{"line":29,"column":8},"end":{"line":29,"column":13}},"11":{"start":{"line":31,"column":6},"end":{"line":31,"column":11}},"12":{"start":{"line":33,"column":4},"end":{"line":33,"column":11}},"13":{"start":{"line":34,"column":44},"end":{"line":34,"column":null}},"14":{"start":{"line":35,"column":25},"end":{"line":35,"column":null}},"15":{"start":{"line":36,"column":29},"end":{"line":36,"column":null}},"16":{"start":{"line":37,"column":32},"end":{"line":37,"column":null}},"17":{"start":{"line":38,"column":6},"end":{"line":38,"column":13}},"18":{"start":{"line":39,"column":8},"end":{"line":39,"column":null}},"19":{"start":{"line":45,"column":34},"end":{"line":45,"column":58}}},"fnMap":{"0":{"name":"(anonymous_0)","decl":{"start":{"line":22,"column":2},"end":{"line":22,"column":7}},"loc":{"start":{"line":22,"column":13},"end":{"line":50,"column":null}}},"1":{"name":"(anonymous_1)","decl":{"start":{"line":24,"column":36},"end":{"line":24,"column":37}},"loc":{"start":{"line":24,"column":58},"end":{"line":32,"column":null}}},"2":{"name":"(anonymous_2)","decl":{"start":{"line":33,"column":11},"end":{"line":33,"column":16}},"loc":{"start":{"line":33,"column":16},"end":{"line":49,"column":null}}},"3":{"name":"(anonymous_3)","decl":{"start":{"line":38,"column":41},"end":{"line":38,"column":42}},"loc":{"start":{"line":38,"column":66},"end":{"line":48,"column":null}}},"4":{"name":"(anonymous_4)","decl":{"start":{"line":45,"column":23},"end":{"line":45,"column":34}},"loc":{"start":{"line":45,"column":34},"end":{"line":45,"column":58}}}},"branchMap":{"0":{"loc":{"start":{"line":25,"column":49},"end":{"line":25,"column":63}},"type":"cond-expr","locations":[{"start":{"line":25,"column":49},"end":{"line":25,"column":63}},{"start":{"line":25,"column":63},"end":{"line":25,"column":null}}]},"1":{"loc":{"start":{"line":26,"column":6},"end":{"line":30,"column":null}},"type":"if","locations":[{"start":{"line":26,"column":6},"end":{"line":30,"column":null}},{"start":{"line":26,"column":6},"end":{"line":30,"column":null}}]},"2":{"loc":{"start":{"line":35,"column":25},"end":{"line":35,"column":46}},"type":"binary-expr","locations":[{"start":{"line":35,"column":25},"end":{"line":35,"column":46}},{"start":{"line":35,"column":46},"end":{"line":35,"column":null}}]},"3":{"loc":{"start":{"line":37,"column":50},"end":{"line":37,"column":58}},"type":"cond-expr","locations":[{"start":{"line":37,"column":50},"end":{"line":37,"column":58}},{"start":{"line":37,"column":58},"end":{"line":37,"column":null}}]}},"s":{"0":1,"1":1,"2":1,"3":1,"4":1,"5":0,"6":0,"7":0,"8":0,"9":0,"10":0,"11":0,"12":0,"13":0,"14":0,"15":0,"16":0,"17":0,"18":0,"19":0},"f":{"0":0,"1":0,"2":0,"3":0,"4":0},"b":{"0":[0,0],"1":[0,0],"2":[0,0],"3":[0,0]}}
,"H:\\imooc\\ts-vue3-tsx-study\\vue3-json-schema-form\\lib\\fields\\StringField.tsx": {"path":"H:\\imooc\\ts-vue3-tsx-study\\vue3-json-schema-form\\lib\\fields\\StringField.tsx","statementMap":{"0":{"start":{"line":1,"column":0},"end":{"line":1,"column":null}},"1":{"start":{"line":4,"column":15},"end":{"line":4,"column":31}},"2":{"start":{"line":20,"column":26},"end":{"line":22,"column":null}},"3":{"start":{"line":21,"column":6},"end":{"line":21,"column":11}},"4":{"start":{"line":23,"column":4},"end":{"line":23,"column":11}},"5":{"start":{"line":24,"column":25},"end":{"line":24,"column":null}},"6":{"start":{"line":25,"column":6},"end":{"line":25,"column":25}}},"fnMap":{"0":{"name":"(anonymous_0)","decl":{"start":{"line":19,"column":2},"end":{"line":19,"column":7}},"loc":{"start":{"line":19,"column":13},"end":{"line":27,"column":null}}},"1":{"name":"(anonymous_1)","decl":{"start":{"line":20,"column":26},"end":{"line":20,"column":42}},"loc":{"start":{"line":20,"column":42},"end":{"line":22,"column":null}}},"2":{"name":"(anonymous_2)","decl":{"start":{"line":23,"column":11},"end":{"line":23,"column":16}},"loc":{"start":{"line":23,"column":16},"end":{"line":26,"column":null}}}},"branchMap":{},"s":{"0":1,"1":1,"2":0,"3":0,"4":0,"5":0,"6":0},"f":{"0":0,"1":0,"2":0},"b":{}}
,"H:\\imooc\\ts-vue3-tsx-study\\vue3-json-schema-form\\lib\\widgets\\Selection.tsx": {"path":"H:\\imooc\\ts-vue3-tsx-study\\vue3-json-schema-form\\lib\\widgets\\Selection.tsx","statementMap":{"0":{"start":{"line":1,"column":0},"end":{"line":1,"column":null}},"1":{"start":{"line":4,"column":15},"end":{"line":4,"column":31}},"2":{"start":{"line":18,"column":28},"end":{"line":18,"column":32}},"3":{"start":{"line":19,"column":4},"end":{"line":19,"column":10}},"4":{"start":{"line":20,"column":6},"end":{"line":20,"column":39}},"5":{"start":{"line":20,"column":34},"end":{"line":20,"column":39}},"6":{"start":{"line":22,"column":4},"end":{"line":22,"column":null}},"7":{"start":{"line":23,"column":12},"end":{"line":23,"column":null}},"8":{"start":{"line":25,"column":8},"end":{"line":27,"column":null}},"9":{"start":{"line":26,"column":10},"end":{"line":26,"column":25}},"10":{"start":{"line":30,"column":4},"end":{"line":30,"column":11}},"11":{"start":{"line":31,"column":26},"end":{"line":31,"column":null}},"12":{"start":{"line":32,"column":6},"end":{"line":32,"column":null}},"13":{"start":{"line":33,"column":34},"end":{"line":32,"column":null}},"14":{"start":{"line":34,"column":23},"end":{"line":34,"column":24}}},"fnMap":{"0":{"name":"(anonymous_0)","decl":{"start":{"line":17,"column":2},"end":{"line":17,"column":7}},"loc":{"start":{"line":17,"column":13},"end":{"line":40,"column":null}}},"1":{"name":"(anonymous_1)","decl":{"start":{"line":19,"column":28},"end":{"line":19,"column":38}},"loc":{"start":{"line":19,"column":38},"end":{"line":21,"column":null}}},"2":{"name":"(anonymous_2)","decl":{"start":{"line":23,"column":6},"end":{"line":23,"column":12}},"loc":{"start":{"line":23,"column":12},"end":{"line":23,"column":null}}},"3":{"name":"(anonymous_3)","decl":{"start":{"line":24,"column":7},"end":{"line":24,"column":14}},"loc":{"start":{"line":24,"column":14},"end":{"line":28,"column":null}}},"4":{"name":"(anonymous_4)","decl":{"start":{"line":30,"column":11},"end":{"line":30,"column":16}},"loc":{"start":{"line":30,"column":16},"end":{"line":39,"column":null}}},"5":{"name":"(anonymous_5)","decl":{"start":{"line":32,"column":6},"end":{"line":32,"column":null}},"loc":{"start":{"line":33,"column":34},"end":{"line":32,"column":null}}},"6":{"name":"(anonymous_6)","decl":{"start":{"line":34,"column":24},"end":{"line":34,"column":null}},"loc":{"start":{"line":34,"column":23},"end":{"line":34,"column":24}}}},"branchMap":{"0":{"loc":{"start":{"line":20,"column":6},"end":{"line":20,"column":39}},"type":"if","locations":[{"start":{"line":20,"column":6},"end":{"line":20,"column":39}},{"start":{"line":20,"column":6},"end":{"line":20,"column":39}}]},"1":{"loc":{"start":{"line":25,"column":8},"end":{"line":27,"column":null}},"type":"if","locations":[{"start":{"line":25,"column":8},"end":{"line":27,"column":null}},{"start":{"line":25,"column":8},"end":{"line":27,"column":null}}]}},"s":{"0":1,"1":1,"2":0,"3":0,"4":0,"5":0,"6":0,"7":0,"8":0,"9":0,"10":0,"11":0,"12":0,"13":0,"14":0},"f":{"0":0,"1":0,"2":0,"3":0,"4":0,"5":0,"6":0},"b":{"0":[0,0],"1":[0,0]}}
}
