TN:
SF:H:\imooc\ts-vue3-tsx-study\vue3-json-schema-form\lib\SchemaForm.tsx
FN:21,(anonymous_0)
FN:22,(anonymous_1)
FN:29,(anonymous_2)
FNF:3
FNH:3
FNDA:6,(anonymous_0)
FNDA:4,(anonymous_1)
FNDA:6,(anonymous_2)
DA:1,3
DA:3,3
DA:4,3
DA:6,3
DA:22,6
DA:23,4
DA:25,6
DA:28,6
DA:29,6
DA:30,6
DA:31,6
LF:11
LH:11
BRF:0
BRH:0
end_of_record
TN:
SF:H:\imooc\ts-vue3-tsx-study\vue3-json-schema-form\lib\SchemaItem.tsx
FN:13,(anonymous_0)
FN:14,(anonymous_1)
FN:18,(anonymous_2)
FNF:3
FNH:3
FNDA:14,(anonymous_0)
FNDA:16,(anonymous_1)
FNDA:18,(anonymous_2)
DA:1,3
DA:3,3
DA:4,3
DA:5,3
DA:6,3
DA:7,3
DA:8,3
DA:10,3
DA:14,14
DA:15,16
DA:16,16
DA:18,14
DA:19,18
DA:21,18
DA:25,18
DA:28,18
DA:30,7
DA:31,7
DA:34,6
DA:35,6
DA:38,2
DA:39,2
DA:42,3
DA:43,3
DA:46,0
DA:50,18
LF:26
LH:25
BRDA:29,0,0,7
BRDA:29,0,1,6
BRDA:29,0,2,2
BRDA:29,0,3,3
BRDA:29,0,4,0
BRF:5
BRH:4
end_of_record
TN:
SF:H:\imooc\ts-vue3-tsx-study\vue3-json-schema-form\lib\context.ts
FN:6,(anonymous_0)
FNF:1
FNH:1
FNDA:5,(anonymous_0)
DA:1,3
DA:4,3
DA:6,3
DA:8,5
DA:9,5
DA:10,0
DA:12,5
LF:7
LH:6
BRDA:9,0,0,0
BRDA:9,0,1,5
BRF:2
BRH:1
end_of_record
TN:
SF:H:\imooc\ts-vue3-tsx-study\vue3-json-schema-form\lib\index.ts
FNF:0
FNH:0
DA:1,3
DA:2,3
DA:3,3
DA:4,3
DA:5,3
DA:7,3
LF:6
LH:6
BRF:0
BRH:0
end_of_record
TN:
SF:H:\imooc\ts-vue3-tsx-study\vue3-json-schema-form\lib\types.ts
FN:3,(anonymous_0)
FNF:1
FNH:1
FNDA:3,(anonymous_0)
DA:3,3
DA:4,3
DA:5,3
DA:6,3
DA:7,3
DA:8,3
DA:9,3
DA:52,3
LF:8
LH:8
BRDA:3,0,0,3
BRDA:3,0,1,3
BRF:2
BRH:2
end_of_record
TN:
SF:H:\imooc\ts-vue3-tsx-study\vue3-json-schema-form\lib\utils.ts
FN:9,isObject
FN:13,isEmptyObject
FN:17,hasOwnProperty
FN:30,validateData
FN:40,resolveSchema
FN:49,(anonymous_5)
FN:59,retrieveSchema
FN:99,stubExistingAdditionalProperties
FN:110,(anonymous_8)
FN:151,resolveReference
FN:160,findSchemaDefinition
FN:179,resolveDependencies
FN:199,processDependencies
FN:241,withDependentProperties
FN:251,withDependentSchema
FN:272,(anonymous_15)
FN:286,withExactlyOneSubschema
FN:293,(anonymous_17)
FN:333,mergeSchemas
FN:335,(anonymous_19)
FN:367,getSchemaType
FN:384,(anonymous_21)
FN:416,guessType
FN:434,isConstant
FN:441,isSelect
FN:447,(anonymous_25)
FN:452,isMultiSelect
FN:460,getMatchingOption
FN:479,(anonymous_28)
FN:519,mergeDefaultsWithFormData
FN:524,(anonymous_30)
FN:532,(anonymous_31)
FNF:32
FNH:4
FNDA:23,isObject
FNDA:0,isEmptyObject
FNDA:48,hasOwnProperty
FNDA:0,validateData
FNDA:16,resolveSchema
FNDA:0,(anonymous_5)
FNDA:16,retrieveSchema
FNDA:0,stubExistingAdditionalProperties
FNDA:0,(anonymous_8)
FNDA:0,resolveReference
FNDA:0,findSchemaDefinition
FNDA:0,resolveDependencies
FNDA:0,processDependencies
FNDA:0,withDependentProperties
FNDA:0,withDependentSchema
FNDA:0,(anonymous_15)
FNDA:0,withExactlyOneSubschema
FNDA:0,(anonymous_17)
FNDA:0,mergeSchemas
FNDA:0,(anonymous_19)
FNDA:0,getSchemaType
FNDA:0,(anonymous_21)
FNDA:0,guessType
FNDA:0,isConstant
FNDA:0,isSelect
FNDA:0,(anonymous_25)
FNDA:0,isMultiSelect
FNDA:0,getMatchingOption
FNDA:0,(anonymous_28)
FNDA:0,mergeDefaultsWithFormData
FNDA:0,(anonymous_30)
FNDA:0,(anonymous_31)
DA:1,3
DA:5,3
DA:6,3
DA:7,3
DA:10,23
DA:14,0
DA:22,48
DA:29,3
DA:31,0
DA:32,0
DA:41,16
DA:42,0
DA:43,16
DA:44,0
DA:45,0
DA:46,16
DA:47,0
DA:50,0
DA:55,16
DA:64,16
DA:65,0
DA:67,16
DA:70,16
DA:71,0
DA:72,0
DA:78,0
DA:79,0
DA:80,0
DA:84,16
DA:86,16
DA:88,0
DA:94,16
DA:97,3
DA:105,0
DA:110,0
DA:111,0
DA:113,0
DA:117,0
DA:118,0
DA:123,0
DA:124,0
DA:126,0
DA:130,0
DA:132,0
DA:135,0
DA:153,0
DA:155,0
DA:157,0
DA:161,0
DA:162,0
DA:164,0
DA:166,0
DA:168,0
DA:169,0
DA:170,0
DA:172,0
DA:174,0
DA:176,0
DA:185,0
DA:186,0
DA:187,0
DA:191,0
DA:192,0
DA:197,0
DA:206,0
DA:208,0
DA:209,0
DA:212,0
DA:216,0
DA:219,0
DA:220,0
DA:221,0
DA:222,0
DA:223,0
DA:231,0
DA:238,0
DA:242,0
DA:243,0
DA:245,0
DA:248,0
DA:259,0
DA:264,0
DA:266,0
DA:267,0
DA:268,0
DA:269,0
DA:272,0
DA:273,0
DA:277,0
DA:293,0
DA:294,0
DA:295,0
DA:297,0
DA:298,0
DA:299,0
DA:306,0
DA:307,0
DA:310,0
DA:311,0
DA:314,0
DA:317,0
DA:319,0
DA:320,0
DA:321,0
DA:334,0
DA:335,0
DA:336,0
DA:337,0
DA:338,0
DA:339,0
DA:340,0
DA:350,0
DA:352,0
DA:354,0
DA:368,0
DA:370,0
DA:371,0
DA:374,0
DA:375,0
DA:378,0
DA:379,0
DA:382,0
DA:383,0
DA:384,0
DA:387,0
DA:416,3
DA:417,0
DA:418,0
DA:419,0
DA:420,0
DA:421,0
DA:422,0
DA:423,0
DA:424,0
DA:425,0
DA:426,0
DA:427,0
DA:428,0
DA:431,0
DA:435,0
DA:442,0
DA:443,0
DA:444,0
DA:445,0
DA:446,0
DA:447,0
DA:449,0
DA:453,0
DA:454,0
DA:456,0
DA:465,0
DA:466,0
DA:475,0
DA:478,0
DA:479,0
DA:487,0
DA:489,0
DA:491,0
DA:492,0
DA:495,0
DA:498,0
DA:500,0
DA:502,0
DA:507,0
DA:509,0
DA:510,0
DA:512,0
DA:513,0
DA:516,0
DA:520,0
DA:521,0
DA:522,0
DA:524,0
DA:525,0
DA:526,0
DA:528,0
DA:530,0
DA:531,0
DA:532,0
DA:533,0
DA:537,0
DA:540,0
DA:550,0
DA:551,0
DA:554,0
DA:563,0
DA:565,0
DA:567,0
DA:568,0
DA:570,0
DA:571,0
DA:573,0
LF:192
LH:19
BRDA:10,0,0,23
BRDA:10,0,1,23
BRDA:10,0,2,23
BRDA:14,1,0,0
BRDA:14,1,1,0
BRDA:40,2,0,0
BRDA:40,3,0,0
BRDA:41,4,0,0
BRDA:41,4,1,16
BRDA:43,5,0,0
BRDA:43,5,1,16
BRDA:46,6,0,0
BRDA:46,6,1,16
BRDA:46,7,0,16
BRDA:46,7,1,0
BRDA:61,8,0,0
BRDA:62,9,0,6
BRDA:64,10,0,0
BRDA:64,10,1,16
BRDA:70,11,0,0
BRDA:70,11,1,16
BRDA:84,12,0,16
BRDA:84,12,1,0
BRDA:86,13,0,0
BRDA:86,13,1,16
BRDA:101,14,0,0
BRDA:102,15,0,0
BRDA:111,16,0,0
BRDA:111,16,1,0
BRDA:117,17,0,0
BRDA:117,17,1,0
BRDA:123,18,0,0
BRDA:123,18,1,0
BRDA:160,19,0,0
BRDA:162,20,0,0
BRDA:162,20,1,0
BRDA:169,21,0,0
BRDA:169,21,1,0
BRDA:172,22,0,0
BRDA:172,22,1,0
BRDA:185,23,0,0
BRDA:186,24,0,0
BRDA:186,24,1,0
BRDA:191,25,0,0
BRDA:191,25,1,0
BRDA:208,26,0,0
BRDA:208,26,1,0
BRDA:212,27,0,0
BRDA:212,27,1,0
BRDA:213,28,0,0
BRDA:213,28,1,0
BRDA:220,29,0,0
BRDA:220,29,1,0
BRDA:222,30,0,0
BRDA:222,30,1,0
BRDA:242,31,0,0
BRDA:242,31,1,0
BRDA:246,32,0,0
BRDA:246,32,1,0
BRDA:266,33,0,0
BRDA:266,33,1,0
BRDA:268,34,0,0
BRDA:268,34,1,0
BRDA:274,35,0,0
BRDA:274,35,1,0
BRDA:294,36,0,0
BRDA:294,36,1,0
BRDA:298,37,0,0
BRDA:298,37,1,0
BRDA:307,38,0,0
BRDA:307,38,1,0
BRDA:310,39,0,0
BRDA:310,39,1,0
BRDA:336,40,0,0
BRDA:336,40,1,0
BRDA:338,41,0,0
BRDA:338,41,1,0
BRDA:338,42,0,0
BRDA:338,42,1,0
BRDA:338,42,2,0
BRDA:340,43,0,0
BRDA:340,43,1,0
BRDA:341,44,0,0
BRDA:341,44,1,0
BRDA:341,44,2,0
BRDA:341,44,3,0
BRDA:341,44,4,0
BRDA:341,44,5,0
BRDA:341,44,6,0
BRDA:370,45,0,0
BRDA:370,45,1,0
BRDA:370,46,0,0
BRDA:370,46,1,0
BRDA:374,47,0,0
BRDA:374,47,1,0
BRDA:374,48,0,0
BRDA:374,48,1,0
BRDA:378,49,0,0
BRDA:378,49,1,0
BRDA:378,50,0,0
BRDA:378,50,1,0
BRDA:378,50,2,0
BRDA:383,51,0,0
BRDA:383,51,1,0
BRDA:383,52,0,0
BRDA:383,52,1,0
BRDA:383,52,2,0
BRDA:417,53,0,0
BRDA:417,53,1,0
BRDA:419,54,0,0
BRDA:419,54,1,0
BRDA:421,55,0,0
BRDA:421,55,1,0
BRDA:423,56,0,0
BRDA:423,56,1,0
BRDA:425,57,0,0
BRDA:425,57,1,0
BRDA:427,58,0,0
BRDA:427,58,1,0
BRDA:436,59,0,0
BRDA:436,59,1,0
BRDA:436,59,2,0
BRDA:441,60,0,0
BRDA:443,61,0,0
BRDA:443,61,1,0
BRDA:444,62,0,0
BRDA:444,62,1,0
BRDA:446,63,0,0
BRDA:446,63,1,0
BRDA:452,64,0,0
BRDA:453,65,0,0
BRDA:453,65,1,0
BRDA:453,66,0,0
BRDA:453,66,1,0
BRDA:475,67,0,0
BRDA:475,67,1,0
BRDA:487,68,0,0
BRDA:487,68,1,0
BRDA:491,69,0,0
BRDA:491,69,1,0
BRDA:509,70,0,0
BRDA:509,70,1,0
BRDA:512,71,0,0
BRDA:512,71,1,0
BRDA:520,72,0,0
BRDA:520,72,1,0
BRDA:521,73,0,0
BRDA:521,73,1,0
BRDA:525,74,0,0
BRDA:525,74,1,0
BRDA:530,75,0,0
BRDA:530,75,1,0
BRDA:534,76,0,0
BRDA:534,76,1,0
BRDA:550,77,0,0
BRDA:550,77,1,0
BRDA:563,78,0,0
BRDA:563,78,1,0
BRDA:567,79,0,0
BRDA:567,79,1,0
BRDA:567,80,0,0
BRDA:567,80,1,0
BRDA:570,81,0,0
BRDA:570,81,1,0
BRDA:570,82,0,0
BRDA:570,82,1,0
BRDA:570,82,2,0
BRDA:573,83,0,0
BRDA:573,83,1,0
BRF:169
BRH:12
end_of_record
TN:
SF:H:\imooc\ts-vue3-tsx-study\vue3-json-schema-form\lib\fields\ArrayField.tsx
FN:70,(anonymous_0)
FN:72,(anonymous_1)
FN:73,(anonymous_2)
FN:74,(anonymous_3)
FN:75,(anonymous_4)
FN:76,(anonymous_5)
FN:96,(anonymous_6)
FN:98,(anonymous_7)
FN:104,(anonymous_8)
FN:110,(anonymous_9)
FN:116,(anonymous_10)
FN:123,(anonymous_11)
FN:130,(anonymous_12)
FN:138,(anonymous_13)
FN:144,(anonymous_14)
FN:149,(anonymous_15)
FN:162,(anonymous_17)
FN:168,(anonymous_18)
FNF:18
FNH:7
FNDA:2,(anonymous_0)
FNDA:0,(anonymous_1)
FNDA:0,(anonymous_2)
FNDA:0,(anonymous_3)
FNDA:0,(anonymous_4)
FNDA:2,(anonymous_5)
FNDA:3,(anonymous_6)
FNDA:0,(anonymous_7)
FNDA:0,(anonymous_8)
FNDA:0,(anonymous_9)
FNDA:0,(anonymous_10)
FNDA:0,(anonymous_11)
FNDA:3,(anonymous_12)
FNDA:2,(anonymous_13)
FNDA:0,(anonymous_14)
FNDA:4,(anonymous_15)
FNDA:0,(anonymous_17)
FNDA:3,(anonymous_18)
DA:1,3
DA:2,3
DA:3,3
DA:4,3
DA:5,3
DA:30,3
DA:46,3
DA:71,2
DA:72,2
DA:73,2
DA:74,2
DA:75,2
DA:76,2
DA:77,2
DA:78,2
DA:93,3
DA:97,3
DA:98,3
DA:99,0
DA:100,0
DA:101,0
DA:102,0
DA:104,3
DA:105,0
DA:106,0
DA:107,0
DA:108,0
DA:110,3
DA:111,0
DA:112,0
DA:113,0
DA:114,0
DA:116,3
DA:117,0
DA:118,0
DA:119,0
DA:120,0
DA:121,0
DA:123,3
DA:124,0
DA:125,0
DA:126,0
DA:127,0
DA:128,0
DA:130,3
DA:131,3
DA:132,3
DA:133,3
DA:134,3
DA:135,3
DA:136,1
DA:137,1
DA:138,2
DA:144,0
DA:147,2
DA:148,1
DA:149,4
DA:162,0
DA:167,1
DA:168,1
DA:169,3
DA:171,1
LF:62
LH:38
BRDA:86,0,0,2
BRDA:86,0,1,2
BRDA:100,1,0,0
BRDA:100,1,1,0
BRDA:106,2,0,0
BRDA:106,2,1,0
BRDA:112,3,0,0
BRDA:112,3,1,0
BRDA:118,4,0,0
BRDA:118,4,1,0
BRDA:125,5,0,0
BRDA:125,5,1,0
BRDA:134,6,0,3
BRDA:134,6,1,3
BRDA:135,7,0,1
BRDA:135,7,1,2
BRDA:137,8,0,1
BRDA:137,8,1,0
BRDA:147,9,0,1
BRDA:147,9,1,1
BRDA:148,10,0,1
BRDA:148,10,1,0
BRF:22
BRH:10
end_of_record
TN:
SF:H:\imooc\ts-vue3-tsx-study\vue3-json-schema-form\lib\fields\NumberField.tsx
FN:19,(anonymous_0)
FN:20,(anonymous_1)
FN:29,(anonymous_2)
FNF:3
FNH:3
FNDA:4,(anonymous_0)
FNDA:1,(anonymous_1)
FNDA:6,(anonymous_2)
DA:2,3
DA:4,3
DA:20,4
DA:21,1
DA:22,1
DA:23,1
DA:24,0
DA:26,1
DA:29,4
DA:30,6
DA:31,6
LF:11
LH:10
BRDA:23,0,0,0
BRDA:23,0,1,1
BRF:2
BRH:1
end_of_record
TN:
SF:H:\imooc\ts-vue3-tsx-study\vue3-json-schema-form\lib\fields\ObjectField.tsx
FN:22,(anonymous_0)
FN:24,(anonymous_1)
FN:33,(anonymous_2)
FN:38,(anonymous_3)
FN:45,(anonymous_4)
FNF:5
FNH:5
FNDA:2,(anonymous_0)
FNDA:3,(anonymous_1)
FNDA:4,(anonymous_2)
FNDA:8,(anonymous_3)
FNDA:3,(anonymous_4)
DA:1,3
DA:2,3
DA:4,3
DA:5,3
DA:19,3
DA:23,2
DA:24,2
DA:25,3
DA:26,3
DA:27,1
DA:29,2
DA:31,3
DA:33,2
DA:34,4
DA:35,4
DA:36,4
DA:37,4
DA:38,4
DA:39,8
DA:45,3
LF:20
LH:20
BRDA:25,0,0,3
BRDA:25,0,1,0
BRDA:26,1,0,1
BRDA:26,1,1,2
BRDA:35,2,0,4
BRDA:35,2,1,0
BRDA:37,3,0,4
BRDA:37,3,1,0
BRF:8
BRH:5
end_of_record
TN:
SF:H:\imooc\ts-vue3-tsx-study\vue3-json-schema-form\lib\fields\StringField.tsx
FN:19,(anonymous_0)
FN:20,(anonymous_1)
FN:23,(anonymous_2)
FNF:3
FNH:2
FNDA:5,(anonymous_0)
FNDA:0,(anonymous_1)
FNDA:7,(anonymous_2)
DA:1,3
DA:4,3
DA:20,5
DA:21,0
DA:23,5
DA:24,7
DA:25,7
LF:7
LH:6
BRF:0
BRH:0
end_of_record
TN:
SF:H:\imooc\ts-vue3-tsx-study\vue3-json-schema-form\lib\widgets\Selection.tsx
FN:17,(anonymous_0)
FN:19,(anonymous_1)
FN:23,(anonymous_2)
FN:24,(anonymous_3)
FN:30,(anonymous_4)
FN:32,(anonymous_5)
FN:34,(anonymous_6)
FNF:7
FNH:4
FNDA:1,(anonymous_0)
FNDA:0,(anonymous_1)
FNDA:1,(anonymous_2)
FNDA:0,(anonymous_3)
FNDA:1,(anonymous_4)
FNDA:0,(anonymous_5)
FNDA:3,(anonymous_6)
DA:1,3
DA:4,3
DA:18,1
DA:19,1
DA:20,0
DA:22,1
DA:23,1
DA:25,0
DA:26,0
DA:30,1
DA:31,1
DA:32,1
DA:33,0
DA:34,3
LF:14
LH:10
BRDA:20,0,0,0
BRDA:20,0,1,0
BRDA:25,1,0,0
BRDA:25,1,1,0
BRF:4
BRH:0
end_of_record
